2018-08-17 12:01:42,254 [Worker-3: Loading available Gradle versions] INFO  c.g.t.t.d.PublishedGradleVersions - Gradle version information cache is up-to-date. Trying to read.
2018-08-17 12:02:11,598 [Worker-0: Importing Maven projects] INFO  o.e.m.c.i.l.LifecycleMappingFactory - Using org.eclipse.m2e.jdt.JarLifecycleMapping lifecycle mapping for MavenProject: org.LithuaniaInNumbers:LithuaniaInNumbers:0.0.1-SNAPSHOT @ /home/aleksandras/GitHub/lithuania_in_numbers/LithuaniaInNumbers/pom.xml.
2018-08-17 12:02:13,481 [Worker-0: Importing Maven projects] INFO  o.e.m.j.i.AbstractJavaProjectConfigurator - Adding source folder /LithuaniaInNumbers/src/main/java
2018-08-17 12:02:13,482 [Worker-0: Importing Maven projects] INFO  o.e.m.j.i.AbstractJavaProjectConfigurator - Adding resource folder /LithuaniaInNumbers/src/main/resources
2018-08-17 12:02:13,487 [Worker-0: Importing Maven projects] INFO  o.e.m.j.i.AbstractJavaProjectConfigurator - Adding source folder /LithuaniaInNumbers/src/test/java
2018-08-17 12:02:13,854 [Worker-0: Importing Maven projects] INFO  o.e.m.c.i.p.ProjectConfigurationManager - Imported and configured 1 project(s) in 4 sec
2018-08-17 12:02:15,917 [Worker-0: Building workspace] INFO  o.e.m.c.i.embedder.EclipseLogger - Using 'UTF-8' encoding to copy filtered resources.
2018-08-17 12:02:15,922 [Worker-0: Building workspace] INFO  o.e.m.c.i.embedder.EclipseLogger - Copying 0 resource
2018-08-17 12:02:15,929 [Worker-0: Building workspace] INFO  o.e.m.c.i.embedder.EclipseLogger - Using 'UTF-8' encoding to copy filtered resources.
2018-08-17 12:02:15,930 [Worker-0: Building workspace] INFO  o.e.m.c.i.embedder.EclipseLogger - skip non existing resourceDirectory /home/aleksandras/GitHub/lithuania_in_numbers/LithuaniaInNumbers/src/test/resources
2018-08-17 12:16:49,167 [Worker-18: Building workspace] INFO  o.e.m.c.i.l.LifecycleMappingFactory - Using org.eclipse.m2e.jdt.JarLifecycleMapping lifecycle mapping for MavenProject: org.LithuaniaInNumbers:LithuaniaInNumbers:0.0.1-SNAPSHOT @ /home/aleksandras/GitHub/lithuania_in_numbers/LithuaniaInNumbers/pom.xml.
2018-08-17 12:16:49,549 [Worker-18: Building workspace] INFO  o.e.m.c.i.embedder.EclipseLogger - Using 'UTF-8' encoding to copy filtered resources.
2018-08-17 12:16:49,550 [Worker-18: Building workspace] INFO  o.e.m.c.i.embedder.EclipseLogger - Copying 0 resource
2018-08-17 12:16:49,553 [Worker-18: Building workspace] INFO  o.e.m.c.i.embedder.EclipseLogger - Using 'UTF-8' encoding to copy filtered resources.
2018-08-17 12:16:49,553 [Worker-18: Building workspace] INFO  o.e.m.c.i.embedder.EclipseLogger - skip non existing resourceDirectory /home/aleksandras/GitHub/lithuania_in_numbers/LithuaniaInNumbers/src/test/resources
2018-08-17 12:16:51,077 [Worker-18: Building workspace] INFO  o.e.m.c.i.embedder.EclipseLogger - Using 'UTF-8' encoding to copy filtered resources.
2018-08-17 12:16:51,079 [Worker-18: Building workspace] INFO  o.e.m.c.i.embedder.EclipseLogger - Copying 0 resource
2018-08-17 12:16:51,081 [Worker-18: Building workspace] INFO  o.e.m.c.i.embedder.EclipseLogger - Using 'UTF-8' encoding to copy filtered resources.
2018-08-17 12:16:51,081 [Worker-18: Building workspace] INFO  o.e.m.c.i.embedder.EclipseLogger - skip non existing resourceDirectory /home/aleksandras/GitHub/lithuania_in_numbers/LithuaniaInNumbers/src/test/resources
2018-08-17 12:26:17,521 [Worker-1: Loading available Gradle versions] INFO  c.g.t.t.d.PublishedGradleVersions - Gradle version information cache is up-to-date. Trying to read.
2018-08-17 12:26:26,039 [Worker-6: Building workspace] INFO  o.e.m.c.i.embedder.EclipseLogger - Using 'UTF-8' encoding to copy filtered resources.
2018-08-17 12:26:26,041 [Worker-6: Building workspace] INFO  o.e.m.c.i.embedder.EclipseLogger - skip non existing resourceDirectory /home/aleksandras/GitHub/lithuania_in_numbers/LithuaniaInNumbers/src/main/resources
2018-08-17 12:26:26,044 [Worker-6: Building workspace] INFO  o.e.m.c.i.embedder.EclipseLogger - Using 'UTF-8' encoding to copy filtered resources.
2018-08-17 12:26:26,044 [Worker-6: Building workspace] INFO  o.e.m.c.i.embedder.EclipseLogger - skip non existing resourceDirectory /home/aleksandras/GitHub/lithuania_in_numbers/LithuaniaInNumbers/src/test/resources
2018-08-17 12:26:27,211 [Worker-13: Building workspace] INFO  o.e.m.c.i.l.LifecycleMappingFactory - Using org.eclipse.m2e.jdt.JarLifecycleMapping lifecycle mapping for MavenProject: org.LithuaniaInNumbers:LithuaniaInNumbers:0.0.1-SNAPSHOT @ /home/aleksandras/GitHub/lithuania_in_numbers/LithuaniaInNumbers/pom.xml.
2018-08-17 12:26:27,689 [Worker-13: Building workspace] INFO  o.e.m.c.i.embedder.EclipseLogger - Using 'UTF-8' encoding to copy filtered resources.
2018-08-17 12:26:27,690 [Worker-13: Building workspace] INFO  o.e.m.c.i.embedder.EclipseLogger - skip non existing resourceDirectory /home/aleksandras/GitHub/lithuania_in_numbers/LithuaniaInNumbers/src/main/resources
2018-08-17 12:26:27,699 [Worker-13: Building workspace] INFO  o.e.m.c.i.embedder.EclipseLogger - Using 'UTF-8' encoding to copy filtered resources.
2018-08-17 12:26:27,699 [Worker-13: Building workspace] INFO  o.e.m.c.i.embedder.EclipseLogger - skip non existing resourceDirectory /home/aleksandras/GitHub/lithuania_in_numbers/LithuaniaInNumbers/src/test/resources
2018-08-17 12:26:28,235 [Worker-11: Building workspace] INFO  o.e.m.c.i.l.LifecycleMappingFactory - Using org.eclipse.m2e.jdt.JarLifecycleMapping lifecycle mapping for MavenProject: org.LithuaniaInNumbers:LithuaniaInNumbers:0.0.1-SNAPSHOT @ /home/aleksandras/GitHub/lithuania_in_numbers/LithuaniaInNumbers/pom.xml.
2018-08-17 12:26:28,608 [Worker-11: Building workspace] INFO  o.e.m.c.i.embedder.EclipseLogger - Using 'UTF-8' encoding to copy filtered resources.
2018-08-17 12:26:28,608 [Worker-11: Building workspace] INFO  o.e.m.c.i.embedder.EclipseLogger - skip non existing resourceDirectory /home/aleksandras/GitHub/lithuania_in_numbers/LithuaniaInNumbers/src/main/resources
2018-08-17 12:26:28,611 [Worker-11: Building workspace] INFO  o.e.m.c.i.embedder.EclipseLogger - Using 'UTF-8' encoding to copy filtered resources.
2018-08-17 12:26:28,611 [Worker-11: Building workspace] INFO  o.e.m.c.i.embedder.EclipseLogger - skip non existing resourceDirectory /home/aleksandras/GitHub/lithuania_in_numbers/LithuaniaInNumbers/src/test/resources
2018-08-17 12:26:32,191 [Worker-5: Building workspace] INFO  o.e.m.c.i.embedder.EclipseLogger - Using 'UTF-8' encoding to copy filtered resources.
2018-08-17 12:26:32,191 [Worker-5: Building workspace] INFO  o.e.m.c.i.embedder.EclipseLogger - skip non existing resourceDirectory /home/aleksandras/GitHub/lithuania_in_numbers/LithuaniaInNumbers/src/main/resources
2018-08-17 12:26:32,193 [Worker-5: Building workspace] INFO  o.e.m.c.i.embedder.EclipseLogger - Using 'UTF-8' encoding to copy filtered resources.
2018-08-17 12:26:32,193 [Worker-5: Building workspace] INFO  o.e.m.c.i.embedder.EclipseLogger - skip non existing resourceDirectory /home/aleksandras/GitHub/lithuania_in_numbers/LithuaniaInNumbers/src/test/resources
2018-08-17 12:26:50,754 [Worker-15: Updating Maven Project] INFO  o.e.m.c.i.p.ProjectConfigurationManager - Update started
2018-08-17 12:26:51,269 [Worker-15: Updating Maven Project] INFO  o.e.m.c.i.l.LifecycleMappingFactory - Using org.eclipse.m2e.jdt.JarLifecycleMapping lifecycle mapping for MavenProject: org.LithuaniaInNumbers:LithuaniaInNumbers:0.0.1-SNAPSHOT @ /home/aleksandras/GitHub/lithuania_in_numbers/LithuaniaInNumbers/pom.xml.
2018-08-17 12:26:51,649 [Worker-15: Updating Maven Project] INFO  o.e.m.j.i.AbstractJavaProjectConfigurator - Adding source folder /LithuaniaInNumbers/src/main/java
2018-08-17 12:26:51,649 [Worker-15: Updating Maven Project] INFO  o.e.m.j.i.AbstractJavaProjectConfigurator - Adding source folder /LithuaniaInNumbers/src/test/java
2018-08-17 12:26:51,967 [Worker-15: Updating Maven Project] INFO  o.e.m.c.i.p.ProjectConfigurationManager - Update completed: 1 sec
2018-08-17 12:26:53,256 [Worker-12: Building workspace] INFO  o.e.m.c.i.embedder.EclipseLogger - Using 'UTF-8' encoding to copy filtered resources.
2018-08-17 12:26:53,256 [Worker-12: Building workspace] INFO  o.e.m.c.i.embedder.EclipseLogger - skip non existing resourceDirectory /home/aleksandras/GitHub/lithuania_in_numbers/LithuaniaInNumbers/src/main/resources
2018-08-17 12:26:53,259 [Worker-12: Building workspace] INFO  o.e.m.c.i.embedder.EclipseLogger - Using 'UTF-8' encoding to copy filtered resources.
2018-08-17 12:26:53,259 [Worker-12: Building workspace] INFO  o.e.m.c.i.embedder.EclipseLogger - skip non existing resourceDirectory /home/aleksandras/GitHub/lithuania_in_numbers/LithuaniaInNumbers/src/test/resources
2018-08-17 12:28:45,072 [Worker-13: Building workspace] INFO  o.e.m.c.i.embedder.EclipseLogger - Using 'UTF-8' encoding to copy filtered resources.
2018-08-17 12:28:45,072 [Worker-13: Building workspace] INFO  o.e.m.c.i.embedder.EclipseLogger - skip non existing resourceDirectory /home/aleksandras/GitHub/lithuania_in_numbers/LithuaniaInNumbers/src/main/resources
2018-08-17 12:28:45,074 [Worker-13: Building workspace] INFO  o.e.m.c.i.embedder.EclipseLogger - Using 'UTF-8' encoding to copy filtered resources.
2018-08-17 12:28:45,074 [Worker-13: Building workspace] INFO  o.e.m.c.i.embedder.EclipseLogger - skip non existing resourceDirectory /home/aleksandras/GitHub/lithuania_in_numbers/LithuaniaInNumbers/src/test/resources
2018-08-17 12:30:31,020 [Worker-1: Building workspace] INFO  o.e.m.c.i.embedder.EclipseLogger - Using 'UTF-8' encoding to copy filtered resources.
2018-08-17 12:30:31,021 [Worker-1: Building workspace] INFO  o.e.m.c.i.embedder.EclipseLogger - skip non existing resourceDirectory /home/aleksandras/GitHub/lithuania_in_numbers/LithuaniaInNumbers/src/main/resources
2018-08-17 12:30:31,023 [Worker-1: Building workspace] INFO  o.e.m.c.i.embedder.EclipseLogger - Using 'UTF-8' encoding to copy filtered resources.
2018-08-17 12:30:31,023 [Worker-1: Building workspace] INFO  o.e.m.c.i.embedder.EclipseLogger - skip non existing resourceDirectory /home/aleksandras/GitHub/lithuania_in_numbers/LithuaniaInNumbers/src/test/resources
2018-08-17 12:32:09,750 [Worker-12: Building workspace] INFO  o.e.m.c.i.embedder.EclipseLogger - Using 'UTF-8' encoding to copy filtered resources.
2018-08-17 12:32:09,750 [Worker-12: Building workspace] INFO  o.e.m.c.i.embedder.EclipseLogger - skip non existing resourceDirectory /home/aleksandras/GitHub/lithuania_in_numbers/LithuaniaInNumbers/src/main/resources
2018-08-17 12:32:09,752 [Worker-12: Building workspace] INFO  o.e.m.c.i.embedder.EclipseLogger - Using 'UTF-8' encoding to copy filtered resources.
2018-08-17 12:32:09,753 [Worker-12: Building workspace] INFO  o.e.m.c.i.embedder.EclipseLogger - skip non existing resourceDirectory /home/aleksandras/GitHub/lithuania_in_numbers/LithuaniaInNumbers/src/test/resources
2018-08-17 12:32:27,864 [Worker-6: Building workspace] INFO  o.e.m.c.i.embedder.EclipseLogger - Using 'UTF-8' encoding to copy filtered resources.
2018-08-17 12:32:27,864 [Worker-6: Building workspace] INFO  o.e.m.c.i.embedder.EclipseLogger - skip non existing resourceDirectory /home/aleksandras/GitHub/lithuania_in_numbers/LithuaniaInNumbers/src/main/resources
2018-08-17 12:32:27,865 [Worker-6: Building workspace] INFO  o.e.m.c.i.embedder.EclipseLogger - Using 'UTF-8' encoding to copy filtered resources.
2018-08-17 12:32:27,866 [Worker-6: Building workspace] INFO  o.e.m.c.i.embedder.EclipseLogger - skip non existing resourceDirectory /home/aleksandras/GitHub/lithuania_in_numbers/LithuaniaInNumbers/src/test/resources
2018-08-17 12:56:38,766 [Worker-13: Building workspace] INFO  o.e.m.c.i.embedder.EclipseLogger - Using 'UTF-8' encoding to copy filtered resources.
2018-08-17 12:56:38,766 [Worker-13: Building workspace] INFO  o.e.m.c.i.embedder.EclipseLogger - skip non existing resourceDirectory /home/aleksandras/GitHub/lithuania_in_numbers/LithuaniaInNumbers/src/main/resources
2018-08-17 12:56:38,771 [Worker-13: Building workspace] INFO  o.e.m.c.i.embedder.EclipseLogger - Using 'UTF-8' encoding to copy filtered resources.
2018-08-17 12:56:38,771 [Worker-13: Building workspace] INFO  o.e.m.c.i.embedder.EclipseLogger - skip non existing resourceDirectory /home/aleksandras/GitHub/lithuania_in_numbers/LithuaniaInNumbers/src/test/resources
2018-08-17 12:58:08,439 [Worker-1: Building workspace] INFO  o.e.m.c.i.embedder.EclipseLogger - Using 'UTF-8' encoding to copy filtered resources.
2018-08-17 12:58:08,440 [Worker-1: Building workspace] INFO  o.e.m.c.i.embedder.EclipseLogger - skip non existing resourceDirectory /home/aleksandras/GitHub/lithuania_in_numbers/LithuaniaInNumbers/src/main/resources
2018-08-17 12:58:08,441 [Worker-1: Building workspace] INFO  o.e.m.c.i.embedder.EclipseLogger - Using 'UTF-8' encoding to copy filtered resources.
2018-08-17 12:58:08,441 [Worker-1: Building workspace] INFO  o.e.m.c.i.embedder.EclipseLogger - skip non existing resourceDirectory /home/aleksandras/GitHub/lithuania_in_numbers/LithuaniaInNumbers/src/test/resources
2018-08-17 12:59:07,361 [Worker-13: Building workspace] INFO  o.e.m.c.i.embedder.EclipseLogger - Using 'UTF-8' encoding to copy filtered resources.
2018-08-17 12:59:07,361 [Worker-13: Building workspace] INFO  o.e.m.c.i.embedder.EclipseLogger - skip non existing resourceDirectory /home/aleksandras/GitHub/lithuania_in_numbers/LithuaniaInNumbers/src/main/resources
2018-08-17 12:59:07,363 [Worker-13: Building workspace] INFO  o.e.m.c.i.embedder.EclipseLogger - Using 'UTF-8' encoding to copy filtered resources.
2018-08-17 12:59:07,363 [Worker-13: Building workspace] INFO  o.e.m.c.i.embedder.EclipseLogger - skip non existing resourceDirectory /home/aleksandras/GitHub/lithuania_in_numbers/LithuaniaInNumbers/src/test/resources
2018-08-17 12:59:33,042 [Worker-19: Building workspace] INFO  o.e.m.c.i.embedder.EclipseLogger - Using 'UTF-8' encoding to copy filtered resources.
2018-08-17 12:59:33,042 [Worker-19: Building workspace] INFO  o.e.m.c.i.embedder.EclipseLogger - skip non existing resourceDirectory /home/aleksandras/GitHub/lithuania_in_numbers/LithuaniaInNumbers/src/main/resources
2018-08-17 12:59:33,046 [Worker-19: Building workspace] INFO  o.e.m.c.i.embedder.EclipseLogger - Using 'UTF-8' encoding to copy filtered resources.
2018-08-17 12:59:33,047 [Worker-19: Building workspace] INFO  o.e.m.c.i.embedder.EclipseLogger - skip non existing resourceDirectory /home/aleksandras/GitHub/lithuania_in_numbers/LithuaniaInNumbers/src/test/resources
2018-08-17 13:01:35,332 [Worker-5: Building workspace] INFO  o.e.m.c.i.embedder.EclipseLogger - Using 'UTF-8' encoding to copy filtered resources.
2018-08-17 13:01:35,332 [Worker-5: Building workspace] INFO  o.e.m.c.i.embedder.EclipseLogger - skip non existing resourceDirectory /home/aleksandras/GitHub/lithuania_in_numbers/LithuaniaInNumbers/src/main/resources
2018-08-17 13:01:35,333 [Worker-5: Building workspace] INFO  o.e.m.c.i.embedder.EclipseLogger - Using 'UTF-8' encoding to copy filtered resources.
2018-08-17 13:01:35,333 [Worker-5: Building workspace] INFO  o.e.m.c.i.embedder.EclipseLogger - skip non existing resourceDirectory /home/aleksandras/GitHub/lithuania_in_numbers/LithuaniaInNumbers/src/test/resources
2018-08-17 13:03:35,745 [Worker-1: Building workspace] INFO  o.e.m.c.i.embedder.EclipseLogger - Using 'UTF-8' encoding to copy filtered resources.
2018-08-17 13:03:35,745 [Worker-1: Building workspace] INFO  o.e.m.c.i.embedder.EclipseLogger - skip non existing resourceDirectory /home/aleksandras/GitHub/lithuania_in_numbers/LithuaniaInNumbers/src/main/resources
2018-08-17 13:03:35,747 [Worker-1: Building workspace] INFO  o.e.m.c.i.embedder.EclipseLogger - Using 'UTF-8' encoding to copy filtered resources.
2018-08-17 13:03:35,747 [Worker-1: Building workspace] INFO  o.e.m.c.i.embedder.EclipseLogger - skip non existing resourceDirectory /home/aleksandras/GitHub/lithuania_in_numbers/LithuaniaInNumbers/src/test/resources
2018-08-17 13:12:37,668 [Worker-27: Building workspace] INFO  o.e.m.c.i.embedder.EclipseLogger - Using 'UTF-8' encoding to copy filtered resources.
2018-08-17 13:12:37,668 [Worker-27: Building workspace] INFO  o.e.m.c.i.embedder.EclipseLogger - skip non existing resourceDirectory /home/aleksandras/GitHub/lithuania_in_numbers/LithuaniaInNumbers/src/main/resources
2018-08-17 13:12:37,669 [Worker-27: Building workspace] INFO  o.e.m.c.i.embedder.EclipseLogger - Using 'UTF-8' encoding to copy filtered resources.
2018-08-17 13:12:37,670 [Worker-27: Building workspace] INFO  o.e.m.c.i.embedder.EclipseLogger - skip non existing resourceDirectory /home/aleksandras/GitHub/lithuania_in_numbers/LithuaniaInNumbers/src/test/resources
2018-08-17 13:12:49,658 [Worker-5: Building workspace] INFO  o.e.m.c.i.embedder.EclipseLogger - Using 'UTF-8' encoding to copy filtered resources.
2018-08-17 13:12:49,660 [Worker-5: Building workspace] INFO  o.e.m.c.i.embedder.EclipseLogger - skip non existing resourceDirectory /home/aleksandras/GitHub/lithuania_in_numbers/LithuaniaInNumbers/src/main/resources
2018-08-17 13:12:49,665 [Worker-5: Building workspace] INFO  o.e.m.c.i.embedder.EclipseLogger - Using 'UTF-8' encoding to copy filtered resources.
2018-08-17 13:12:49,665 [Worker-5: Building workspace] INFO  o.e.m.c.i.embedder.EclipseLogger - skip non existing resourceDirectory /home/aleksandras/GitHub/lithuania_in_numbers/LithuaniaInNumbers/src/test/resources
2018-08-17 13:18:11,205 [Worker-29: Building workspace] INFO  o.e.m.c.i.embedder.EclipseLogger - Using 'UTF-8' encoding to copy filtered resources.
2018-08-17 13:18:11,205 [Worker-29: Building workspace] INFO  o.e.m.c.i.embedder.EclipseLogger - skip non existing resourceDirectory /home/aleksandras/GitHub/lithuania_in_numbers/LithuaniaInNumbers/src/main/resources
2018-08-17 13:18:11,208 [Worker-29: Building workspace] INFO  o.e.m.c.i.embedder.EclipseLogger - Using 'UTF-8' encoding to copy filtered resources.
2018-08-17 13:18:11,208 [Worker-29: Building workspace] INFO  o.e.m.c.i.embedder.EclipseLogger - skip non existing resourceDirectory /home/aleksandras/GitHub/lithuania_in_numbers/LithuaniaInNumbers/src/test/resources
2018-08-17 13:18:55,508 [Worker-5: Building workspace] INFO  o.e.m.c.i.embedder.EclipseLogger - Using 'UTF-8' encoding to copy filtered resources.
2018-08-17 13:18:55,508 [Worker-5: Building workspace] INFO  o.e.m.c.i.embedder.EclipseLogger - skip non existing resourceDirectory /home/aleksandras/GitHub/lithuania_in_numbers/LithuaniaInNumbers/src/main/resources
2018-08-17 13:18:55,511 [Worker-5: Building workspace] INFO  o.e.m.c.i.embedder.EclipseLogger - Using 'UTF-8' encoding to copy filtered resources.
2018-08-17 13:18:55,511 [Worker-5: Building workspace] INFO  o.e.m.c.i.embedder.EclipseLogger - skip non existing resourceDirectory /home/aleksandras/GitHub/lithuania_in_numbers/LithuaniaInNumbers/src/test/resources
2018-08-17 13:19:15,134 [Worker-30: Building workspace] INFO  o.e.m.c.i.embedder.EclipseLogger - Using 'UTF-8' encoding to copy filtered resources.
2018-08-17 13:19:15,134 [Worker-30: Building workspace] INFO  o.e.m.c.i.embedder.EclipseLogger - skip non existing resourceDirectory /home/aleksandras/GitHub/lithuania_in_numbers/LithuaniaInNumbers/src/main/resources
2018-08-17 13:19:15,137 [Worker-30: Building workspace] INFO  o.e.m.c.i.embedder.EclipseLogger - Using 'UTF-8' encoding to copy filtered resources.
2018-08-17 13:19:15,137 [Worker-30: Building workspace] INFO  o.e.m.c.i.embedder.EclipseLogger - skip non existing resourceDirectory /home/aleksandras/GitHub/lithuania_in_numbers/LithuaniaInNumbers/src/test/resources
2018-08-17 13:22:34,721 [Worker-27: Building workspace] INFO  o.e.m.c.i.embedder.EclipseLogger - Using 'UTF-8' encoding to copy filtered resources.
2018-08-17 13:22:34,721 [Worker-27: Building workspace] INFO  o.e.m.c.i.embedder.EclipseLogger - skip non existing resourceDirectory /home/aleksandras/GitHub/lithuania_in_numbers/LithuaniaInNumbers/src/main/resources
2018-08-17 13:22:34,722 [Worker-27: Building workspace] INFO  o.e.m.c.i.embedder.EclipseLogger - Using 'UTF-8' encoding to copy filtered resources.
2018-08-17 13:22:34,723 [Worker-27: Building workspace] INFO  o.e.m.c.i.embedder.EclipseLogger - skip non existing resourceDirectory /home/aleksandras/GitHub/lithuania_in_numbers/LithuaniaInNumbers/src/test/resources
2018-08-17 13:23:38,427 [Worker-27: Building workspace] INFO  o.e.m.c.i.embedder.EclipseLogger - Using 'UTF-8' encoding to copy filtered resources.
2018-08-17 13:23:38,427 [Worker-27: Building workspace] INFO  o.e.m.c.i.embedder.EclipseLogger - skip non existing resourceDirectory /home/aleksandras/GitHub/lithuania_in_numbers/LithuaniaInNumbers/src/main/resources
2018-08-17 13:23:38,428 [Worker-27: Building workspace] INFO  o.e.m.c.i.embedder.EclipseLogger - Using 'UTF-8' encoding to copy filtered resources.
2018-08-17 13:23:38,428 [Worker-27: Building workspace] INFO  o.e.m.c.i.embedder.EclipseLogger - skip non existing resourceDirectory /home/aleksandras/GitHub/lithuania_in_numbers/LithuaniaInNumbers/src/test/resources
2018-08-17 13:25:51,700 [Worker-28: Building workspace] INFO  o.e.m.c.i.embedder.EclipseLogger - Using 'UTF-8' encoding to copy filtered resources.
2018-08-17 13:25:51,700 [Worker-28: Building workspace] INFO  o.e.m.c.i.embedder.EclipseLogger - skip non existing resourceDirectory /home/aleksandras/GitHub/lithuania_in_numbers/LithuaniaInNumbers/src/main/resources
2018-08-17 13:25:51,705 [Worker-28: Building workspace] INFO  o.e.m.c.i.embedder.EclipseLogger - Using 'UTF-8' encoding to copy filtered resources.
2018-08-17 13:25:51,705 [Worker-28: Building workspace] INFO  o.e.m.c.i.embedder.EclipseLogger - skip non existing resourceDirectory /home/aleksandras/GitHub/lithuania_in_numbers/LithuaniaInNumbers/src/test/resources
2018-08-17 13:27:03,132 [Worker-27: Building workspace] INFO  o.e.m.c.i.embedder.EclipseLogger - Using 'UTF-8' encoding to copy filtered resources.
2018-08-17 13:27:03,132 [Worker-27: Building workspace] INFO  o.e.m.c.i.embedder.EclipseLogger - skip non existing resourceDirectory /home/aleksandras/GitHub/lithuania_in_numbers/LithuaniaInNumbers/src/main/resources
2018-08-17 13:27:03,133 [Worker-27: Building workspace] INFO  o.e.m.c.i.embedder.EclipseLogger - Using 'UTF-8' encoding to copy filtered resources.
2018-08-17 13:27:03,133 [Worker-27: Building workspace] INFO  o.e.m.c.i.embedder.EclipseLogger - skip non existing resourceDirectory /home/aleksandras/GitHub/lithuania_in_numbers/LithuaniaInNumbers/src/test/resources
2018-08-17 13:31:13,089 [Worker-32: Building workspace] INFO  o.e.m.c.i.embedder.EclipseLogger - Using 'UTF-8' encoding to copy filtered resources.
2018-08-17 13:31:13,090 [Worker-32: Building workspace] INFO  o.e.m.c.i.embedder.EclipseLogger - skip non existing resourceDirectory /home/aleksandras/GitHub/lithuania_in_numbers/LithuaniaInNumbers/src/main/resources
2018-08-17 13:31:13,094 [Worker-32: Building workspace] INFO  o.e.m.c.i.embedder.EclipseLogger - Using 'UTF-8' encoding to copy filtered resources.
2018-08-17 13:31:13,094 [Worker-32: Building workspace] INFO  o.e.m.c.i.embedder.EclipseLogger - skip non existing resourceDirectory /home/aleksandras/GitHub/lithuania_in_numbers/LithuaniaInNumbers/src/test/resources
2018-08-17 13:32:04,194 [Worker-31: Building workspace] INFO  o.e.m.c.i.embedder.EclipseLogger - Using 'UTF-8' encoding to copy filtered resources.
2018-08-17 13:32:04,195 [Worker-31: Building workspace] INFO  o.e.m.c.i.embedder.EclipseLogger - skip non existing resourceDirectory /home/aleksandras/GitHub/lithuania_in_numbers/LithuaniaInNumbers/src/main/resources
2018-08-17 13:32:04,197 [Worker-31: Building workspace] INFO  o.e.m.c.i.embedder.EclipseLogger - Using 'UTF-8' encoding to copy filtered resources.
2018-08-17 13:32:04,197 [Worker-31: Building workspace] INFO  o.e.m.c.i.embedder.EclipseLogger - skip non existing resourceDirectory /home/aleksandras/GitHub/lithuania_in_numbers/LithuaniaInNumbers/src/test/resources
2018-08-17 13:33:23,059 [Worker-33: Building workspace] INFO  o.e.m.c.i.embedder.EclipseLogger - Using 'UTF-8' encoding to copy filtered resources.
2018-08-17 13:33:23,059 [Worker-33: Building workspace] INFO  o.e.m.c.i.embedder.EclipseLogger - skip non existing resourceDirectory /home/aleksandras/GitHub/lithuania_in_numbers/LithuaniaInNumbers/src/main/resources
2018-08-17 13:33:23,061 [Worker-33: Building workspace] INFO  o.e.m.c.i.embedder.EclipseLogger - Using 'UTF-8' encoding to copy filtered resources.
2018-08-17 13:33:23,061 [Worker-33: Building workspace] INFO  o.e.m.c.i.embedder.EclipseLogger - skip non existing resourceDirectory /home/aleksandras/GitHub/lithuania_in_numbers/LithuaniaInNumbers/src/test/resources
2018-08-17 13:34:38,755 [Worker-31: Building workspace] INFO  o.e.m.c.i.embedder.EclipseLogger - Using 'UTF-8' encoding to copy filtered resources.
2018-08-17 13:34:38,755 [Worker-31: Building workspace] INFO  o.e.m.c.i.embedder.EclipseLogger - skip non existing resourceDirectory /home/aleksandras/GitHub/lithuania_in_numbers/LithuaniaInNumbers/src/main/resources
2018-08-17 13:34:38,757 [Worker-31: Building workspace] INFO  o.e.m.c.i.embedder.EclipseLogger - Using 'UTF-8' encoding to copy filtered resources.
2018-08-17 13:34:38,757 [Worker-31: Building workspace] INFO  o.e.m.c.i.embedder.EclipseLogger - skip non existing resourceDirectory /home/aleksandras/GitHub/lithuania_in_numbers/LithuaniaInNumbers/src/test/resources
2018-08-17 13:35:19,998 [Worker-32: Building workspace] INFO  o.e.m.c.i.embedder.EclipseLogger - Using 'UTF-8' encoding to copy filtered resources.
2018-08-17 13:35:19,998 [Worker-32: Building workspace] INFO  o.e.m.c.i.embedder.EclipseLogger - skip non existing resourceDirectory /home/aleksandras/GitHub/lithuania_in_numbers/LithuaniaInNumbers/src/main/resources
2018-08-17 13:35:19,999 [Worker-32: Building workspace] INFO  o.e.m.c.i.embedder.EclipseLogger - Using 'UTF-8' encoding to copy filtered resources.
2018-08-17 13:35:19,999 [Worker-32: Building workspace] INFO  o.e.m.c.i.embedder.EclipseLogger - skip non existing resourceDirectory /home/aleksandras/GitHub/lithuania_in_numbers/LithuaniaInNumbers/src/test/resources
2018-08-17 13:36:11,248 [Worker-35: Building workspace] INFO  o.e.m.c.i.embedder.EclipseLogger - Using 'UTF-8' encoding to copy filtered resources.
2018-08-17 13:36:11,248 [Worker-35: Building workspace] INFO  o.e.m.c.i.embedder.EclipseLogger - skip non existing resourceDirectory /home/aleksandras/GitHub/lithuania_in_numbers/LithuaniaInNumbers/src/main/resources
2018-08-17 13:36:11,250 [Worker-35: Building workspace] INFO  o.e.m.c.i.embedder.EclipseLogger - Using 'UTF-8' encoding to copy filtered resources.
2018-08-17 13:36:11,250 [Worker-35: Building workspace] INFO  o.e.m.c.i.embedder.EclipseLogger - skip non existing resourceDirectory /home/aleksandras/GitHub/lithuania_in_numbers/LithuaniaInNumbers/src/test/resources
2018-08-17 13:36:47,541 [Worker-27: Building workspace] INFO  o.e.m.c.i.embedder.EclipseLogger - Using 'UTF-8' encoding to copy filtered resources.
2018-08-17 13:36:47,542 [Worker-27: Building workspace] INFO  o.e.m.c.i.embedder.EclipseLogger - skip non existing resourceDirectory /home/aleksandras/GitHub/lithuania_in_numbers/LithuaniaInNumbers/src/main/resources
2018-08-17 13:36:47,545 [Worker-27: Building workspace] INFO  o.e.m.c.i.embedder.EclipseLogger - Using 'UTF-8' encoding to copy filtered resources.
2018-08-17 13:36:47,545 [Worker-27: Building workspace] INFO  o.e.m.c.i.embedder.EclipseLogger - skip non existing resourceDirectory /home/aleksandras/GitHub/lithuania_in_numbers/LithuaniaInNumbers/src/test/resources
2018-08-17 13:49:33,054 [Worker-38: Building workspace] INFO  o.e.m.c.i.embedder.EclipseLogger - Using 'UTF-8' encoding to copy filtered resources.
2018-08-17 13:49:33,055 [Worker-38: Building workspace] INFO  o.e.m.c.i.embedder.EclipseLogger - skip non existing resourceDirectory /home/aleksandras/GitHub/lithuania_in_numbers/LithuaniaInNumbers/src/main/resources
2018-08-17 13:49:33,056 [Worker-38: Building workspace] INFO  o.e.m.c.i.embedder.EclipseLogger - Using 'UTF-8' encoding to copy filtered resources.
2018-08-17 13:49:33,056 [Worker-38: Building workspace] INFO  o.e.m.c.i.embedder.EclipseLogger - skip non existing resourceDirectory /home/aleksandras/GitHub/lithuania_in_numbers/LithuaniaInNumbers/src/test/resources
2018-08-17 13:51:28,650 [Worker-39: Building workspace] INFO  o.e.m.c.i.embedder.EclipseLogger - Using 'UTF-8' encoding to copy filtered resources.
2018-08-17 13:51:28,650 [Worker-39: Building workspace] INFO  o.e.m.c.i.embedder.EclipseLogger - skip non existing resourceDirectory /home/aleksandras/GitHub/lithuania_in_numbers/LithuaniaInNumbers/src/main/resources
2018-08-17 13:51:28,652 [Worker-39: Building workspace] INFO  o.e.m.c.i.embedder.EclipseLogger - Using 'UTF-8' encoding to copy filtered resources.
2018-08-17 13:51:28,652 [Worker-39: Building workspace] INFO  o.e.m.c.i.embedder.EclipseLogger - skip non existing resourceDirectory /home/aleksandras/GitHub/lithuania_in_numbers/LithuaniaInNumbers/src/test/resources
2018-08-17 13:51:53,849 [Worker-36: Building workspace] INFO  o.e.m.c.i.embedder.EclipseLogger - Using 'UTF-8' encoding to copy filtered resources.
2018-08-17 13:51:53,849 [Worker-36: Building workspace] INFO  o.e.m.c.i.embedder.EclipseLogger - skip non existing resourceDirectory /home/aleksandras/GitHub/lithuania_in_numbers/LithuaniaInNumbers/src/main/resources
2018-08-17 13:51:53,851 [Worker-36: Building workspace] INFO  o.e.m.c.i.embedder.EclipseLogger - Using 'UTF-8' encoding to copy filtered resources.
2018-08-17 13:51:53,851 [Worker-36: Building workspace] INFO  o.e.m.c.i.embedder.EclipseLogger - skip non existing resourceDirectory /home/aleksandras/GitHub/lithuania_in_numbers/LithuaniaInNumbers/src/test/resources
2018-08-17 13:51:58,278 [Worker-34: Building workspace] INFO  o.e.m.c.i.embedder.EclipseLogger - Using 'UTF-8' encoding to copy filtered resources.
2018-08-17 13:51:58,278 [Worker-34: Building workspace] INFO  o.e.m.c.i.embedder.EclipseLogger - skip non existing resourceDirectory /home/aleksandras/GitHub/lithuania_in_numbers/LithuaniaInNumbers/src/main/resources
2018-08-17 13:51:58,280 [Worker-34: Building workspace] INFO  o.e.m.c.i.embedder.EclipseLogger - Using 'UTF-8' encoding to copy filtered resources.
2018-08-17 13:51:58,280 [Worker-34: Building workspace] INFO  o.e.m.c.i.embedder.EclipseLogger - skip non existing resourceDirectory /home/aleksandras/GitHub/lithuania_in_numbers/LithuaniaInNumbers/src/test/resources
2018-08-17 13:53:48,824 [Worker-39: Building workspace] INFO  o.e.m.c.i.embedder.EclipseLogger - Using 'UTF-8' encoding to copy filtered resources.
2018-08-17 13:53:48,825 [Worker-39: Building workspace] INFO  o.e.m.c.i.embedder.EclipseLogger - skip non existing resourceDirectory /home/aleksandras/GitHub/lithuania_in_numbers/LithuaniaInNumbers/src/main/resources
2018-08-17 13:53:48,827 [Worker-39: Building workspace] INFO  o.e.m.c.i.embedder.EclipseLogger - Using 'UTF-8' encoding to copy filtered resources.
2018-08-17 13:53:48,827 [Worker-39: Building workspace] INFO  o.e.m.c.i.embedder.EclipseLogger - skip non existing resourceDirectory /home/aleksandras/GitHub/lithuania_in_numbers/LithuaniaInNumbers/src/test/resources
2018-08-17 14:00:47,257 [Worker-34: Building workspace] INFO  o.e.m.c.i.embedder.EclipseLogger - Using 'UTF-8' encoding to copy filtered resources.
2018-08-17 14:00:47,257 [Worker-34: Building workspace] INFO  o.e.m.c.i.embedder.EclipseLogger - skip non existing resourceDirectory /home/aleksandras/GitHub/lithuania_in_numbers/LithuaniaInNumbers/src/main/resources
2018-08-17 14:00:47,258 [Worker-34: Building workspace] INFO  o.e.m.c.i.embedder.EclipseLogger - Using 'UTF-8' encoding to copy filtered resources.
2018-08-17 14:00:47,258 [Worker-34: Building workspace] INFO  o.e.m.c.i.embedder.EclipseLogger - skip non existing resourceDirectory /home/aleksandras/GitHub/lithuania_in_numbers/LithuaniaInNumbers/src/test/resources
2018-08-17 14:01:55,200 [Worker-39: Building workspace] INFO  o.e.m.c.i.embedder.EclipseLogger - Using 'UTF-8' encoding to copy filtered resources.
2018-08-17 14:01:55,200 [Worker-39: Building workspace] INFO  o.e.m.c.i.embedder.EclipseLogger - skip non existing resourceDirectory /home/aleksandras/GitHub/lithuania_in_numbers/LithuaniaInNumbers/src/main/resources
2018-08-17 14:01:55,211 [Worker-39: Building workspace] INFO  o.e.m.c.i.embedder.EclipseLogger - Using 'UTF-8' encoding to copy filtered resources.
2018-08-17 14:01:55,211 [Worker-39: Building workspace] INFO  o.e.m.c.i.embedder.EclipseLogger - skip non existing resourceDirectory /home/aleksandras/GitHub/lithuania_in_numbers/LithuaniaInNumbers/src/test/resources
2018-08-17 14:02:27,805 [Worker-41: Launching LithuaniaInNumbers - Program] INFO  o.e.m.c.i.embedder.EclipseLogger - Using 'UTF-8' encoding to copy filtered resources.
2018-08-17 14:02:27,805 [Worker-41: Launching LithuaniaInNumbers - Program] INFO  o.e.m.c.i.embedder.EclipseLogger - skip non existing resourceDirectory /home/aleksandras/GitHub/lithuania_in_numbers/LithuaniaInNumbers/src/main/resources
2018-08-17 14:02:27,807 [Worker-41: Launching LithuaniaInNumbers - Program] INFO  o.e.m.c.i.embedder.EclipseLogger - Using 'UTF-8' encoding to copy filtered resources.
2018-08-17 14:02:27,807 [Worker-41: Launching LithuaniaInNumbers - Program] INFO  o.e.m.c.i.embedder.EclipseLogger - skip non existing resourceDirectory /home/aleksandras/GitHub/lithuania_in_numbers/LithuaniaInNumbers/src/test/resources
2018-08-17 14:03:30,232 [Worker-32: Building workspace] INFO  o.e.m.c.i.embedder.EclipseLogger - Using 'UTF-8' encoding to copy filtered resources.
2018-08-17 14:03:30,233 [Worker-32: Building workspace] INFO  o.e.m.c.i.embedder.EclipseLogger - skip non existing resourceDirectory /home/aleksandras/GitHub/lithuania_in_numbers/LithuaniaInNumbers/src/main/resources
2018-08-17 14:03:30,234 [Worker-32: Building workspace] INFO  o.e.m.c.i.embedder.EclipseLogger - Using 'UTF-8' encoding to copy filtered resources.
2018-08-17 14:03:30,234 [Worker-32: Building workspace] INFO  o.e.m.c.i.embedder.EclipseLogger - skip non existing resourceDirectory /home/aleksandras/GitHub/lithuania_in_numbers/LithuaniaInNumbers/src/test/resources
2018-08-17 14:03:57,820 [Worker-32: Building workspace] INFO  o.e.m.c.i.embedder.EclipseLogger - Using 'UTF-8' encoding to copy filtered resources.
2018-08-17 14:03:57,821 [Worker-32: Building workspace] INFO  o.e.m.c.i.embedder.EclipseLogger - skip non existing resourceDirectory /home/aleksandras/GitHub/lithuania_in_numbers/LithuaniaInNumbers/src/main/resources
2018-08-17 14:03:57,826 [Worker-32: Building workspace] INFO  o.e.m.c.i.embedder.EclipseLogger - Using 'UTF-8' encoding to copy filtered resources.
2018-08-17 14:03:57,826 [Worker-32: Building workspace] INFO  o.e.m.c.i.embedder.EclipseLogger - skip non existing resourceDirectory /home/aleksandras/GitHub/lithuania_in_numbers/LithuaniaInNumbers/src/test/resources
2018-08-17 14:04:11,593 [Worker-41: Building workspace] INFO  o.e.m.c.i.embedder.EclipseLogger - Using 'UTF-8' encoding to copy filtered resources.
2018-08-17 14:04:11,594 [Worker-41: Building workspace] INFO  o.e.m.c.i.embedder.EclipseLogger - skip non existing resourceDirectory /home/aleksandras/GitHub/lithuania_in_numbers/LithuaniaInNumbers/src/main/resources
2018-08-17 14:04:11,596 [Worker-41: Building workspace] INFO  o.e.m.c.i.embedder.EclipseLogger - Using 'UTF-8' encoding to copy filtered resources.
2018-08-17 14:04:11,597 [Worker-41: Building workspace] INFO  o.e.m.c.i.embedder.EclipseLogger - skip non existing resourceDirectory /home/aleksandras/GitHub/lithuania_in_numbers/LithuaniaInNumbers/src/test/resources
2018-08-17 14:04:21,873 [Worker-32: Building workspace] INFO  o.e.m.c.i.embedder.EclipseLogger - Using 'UTF-8' encoding to copy filtered resources.
2018-08-17 14:04:21,873 [Worker-32: Building workspace] INFO  o.e.m.c.i.embedder.EclipseLogger - skip non existing resourceDirectory /home/aleksandras/GitHub/lithuania_in_numbers/LithuaniaInNumbers/src/main/resources
2018-08-17 14:04:21,874 [Worker-32: Building workspace] INFO  o.e.m.c.i.embedder.EclipseLogger - Using 'UTF-8' encoding to copy filtered resources.
2018-08-17 14:04:21,875 [Worker-32: Building workspace] INFO  o.e.m.c.i.embedder.EclipseLogger - skip non existing resourceDirectory /home/aleksandras/GitHub/lithuania_in_numbers/LithuaniaInNumbers/src/test/resources
2018-08-17 14:04:51,491 [Worker-34: Building workspace] INFO  o.e.m.c.i.embedder.EclipseLogger - Using 'UTF-8' encoding to copy filtered resources.
2018-08-17 14:04:51,492 [Worker-34: Building workspace] INFO  o.e.m.c.i.embedder.EclipseLogger - skip non existing resourceDirectory /home/aleksandras/GitHub/lithuania_in_numbers/LithuaniaInNumbers/src/main/resources
2018-08-17 14:04:51,494 [Worker-34: Building workspace] INFO  o.e.m.c.i.embedder.EclipseLogger - Using 'UTF-8' encoding to copy filtered resources.
2018-08-17 14:04:51,494 [Worker-34: Building workspace] INFO  o.e.m.c.i.embedder.EclipseLogger - skip non existing resourceDirectory /home/aleksandras/GitHub/lithuania_in_numbers/LithuaniaInNumbers/src/test/resources
2018-08-17 14:04:55,562 [Worker-41: Building workspace] INFO  o.e.m.c.i.embedder.EclipseLogger - Using 'UTF-8' encoding to copy filtered resources.
2018-08-17 14:04:55,562 [Worker-41: Building workspace] INFO  o.e.m.c.i.embedder.EclipseLogger - skip non existing resourceDirectory /home/aleksandras/GitHub/lithuania_in_numbers/LithuaniaInNumbers/src/main/resources
2018-08-17 14:04:55,563 [Worker-41: Building workspace] INFO  o.e.m.c.i.embedder.EclipseLogger - Using 'UTF-8' encoding to copy filtered resources.
2018-08-17 14:04:55,563 [Worker-41: Building workspace] INFO  o.e.m.c.i.embedder.EclipseLogger - skip non existing resourceDirectory /home/aleksandras/GitHub/lithuania_in_numbers/LithuaniaInNumbers/src/test/resources
2018-08-17 14:05:50,693 [Worker-34: Building workspace] INFO  o.e.m.c.i.embedder.EclipseLogger - Using 'UTF-8' encoding to copy filtered resources.
2018-08-17 14:05:50,694 [Worker-34: Building workspace] INFO  o.e.m.c.i.embedder.EclipseLogger - skip non existing resourceDirectory /home/aleksandras/GitHub/lithuania_in_numbers/LithuaniaInNumbers/src/main/resources
2018-08-17 14:05:50,695 [Worker-34: Building workspace] INFO  o.e.m.c.i.embedder.EclipseLogger - Using 'UTF-8' encoding to copy filtered resources.
2018-08-17 14:05:50,695 [Worker-34: Building workspace] INFO  o.e.m.c.i.embedder.EclipseLogger - skip non existing resourceDirectory /home/aleksandras/GitHub/lithuania_in_numbers/LithuaniaInNumbers/src/test/resources
2018-08-17 14:06:43,011 [Worker-32: Building workspace] INFO  o.e.m.c.i.embedder.EclipseLogger - Using 'UTF-8' encoding to copy filtered resources.
2018-08-17 14:06:43,011 [Worker-32: Building workspace] INFO  o.e.m.c.i.embedder.EclipseLogger - skip non existing resourceDirectory /home/aleksandras/GitHub/lithuania_in_numbers/LithuaniaInNumbers/src/main/resources
2018-08-17 14:06:43,013 [Worker-32: Building workspace] INFO  o.e.m.c.i.embedder.EclipseLogger - Using 'UTF-8' encoding to copy filtered resources.
2018-08-17 14:06:43,013 [Worker-32: Building workspace] INFO  o.e.m.c.i.embedder.EclipseLogger - skip non existing resourceDirectory /home/aleksandras/GitHub/lithuania_in_numbers/LithuaniaInNumbers/src/test/resources
2018-08-17 14:09:48,068 [Worker-34: Building workspace] INFO  o.e.m.c.i.embedder.EclipseLogger - Using 'UTF-8' encoding to copy filtered resources.
2018-08-17 14:09:48,068 [Worker-34: Building workspace] INFO  o.e.m.c.i.embedder.EclipseLogger - skip non existing resourceDirectory /home/aleksandras/GitHub/lithuania_in_numbers/LithuaniaInNumbers/src/main/resources
2018-08-17 14:09:48,070 [Worker-34: Building workspace] INFO  o.e.m.c.i.embedder.EclipseLogger - Using 'UTF-8' encoding to copy filtered resources.
2018-08-17 14:09:48,070 [Worker-34: Building workspace] INFO  o.e.m.c.i.embedder.EclipseLogger - skip non existing resourceDirectory /home/aleksandras/GitHub/lithuania_in_numbers/LithuaniaInNumbers/src/test/resources
2018-08-17 14:10:12,480 [Worker-41: Building workspace] INFO  o.e.m.c.i.embedder.EclipseLogger - Using 'UTF-8' encoding to copy filtered resources.
2018-08-17 14:10:12,480 [Worker-41: Building workspace] INFO  o.e.m.c.i.embedder.EclipseLogger - skip non existing resourceDirectory /home/aleksandras/GitHub/lithuania_in_numbers/LithuaniaInNumbers/src/main/resources
2018-08-17 14:10:12,482 [Worker-41: Building workspace] INFO  o.e.m.c.i.embedder.EclipseLogger - Using 'UTF-8' encoding to copy filtered resources.
2018-08-17 14:10:12,482 [Worker-41: Building workspace] INFO  o.e.m.c.i.embedder.EclipseLogger - skip non existing resourceDirectory /home/aleksandras/GitHub/lithuania_in_numbers/LithuaniaInNumbers/src/test/resources
2018-08-17 14:10:18,727 [Worker-41: Building workspace] INFO  o.e.m.c.i.embedder.EclipseLogger - Using 'UTF-8' encoding to copy filtered resources.
2018-08-17 14:10:18,727 [Worker-41: Building workspace] INFO  o.e.m.c.i.embedder.EclipseLogger - skip non existing resourceDirectory /home/aleksandras/GitHub/lithuania_in_numbers/LithuaniaInNumbers/src/main/resources
2018-08-17 14:10:18,728 [Worker-41: Building workspace] INFO  o.e.m.c.i.embedder.EclipseLogger - Using 'UTF-8' encoding to copy filtered resources.
2018-08-17 14:10:18,728 [Worker-41: Building workspace] INFO  o.e.m.c.i.embedder.EclipseLogger - skip non existing resourceDirectory /home/aleksandras/GitHub/lithuania_in_numbers/LithuaniaInNumbers/src/test/resources
2018-08-17 14:10:54,964 [Worker-36: Building workspace] INFO  o.e.m.c.i.embedder.EclipseLogger - Using 'UTF-8' encoding to copy filtered resources.
2018-08-17 14:10:54,964 [Worker-36: Building workspace] INFO  o.e.m.c.i.embedder.EclipseLogger - skip non existing resourceDirectory /home/aleksandras/GitHub/lithuania_in_numbers/LithuaniaInNumbers/src/main/resources
2018-08-17 14:10:54,967 [Worker-36: Building workspace] INFO  o.e.m.c.i.embedder.EclipseLogger - Using 'UTF-8' encoding to copy filtered resources.
2018-08-17 14:10:54,967 [Worker-36: Building workspace] INFO  o.e.m.c.i.embedder.EclipseLogger - skip non existing resourceDirectory /home/aleksandras/GitHub/lithuania_in_numbers/LithuaniaInNumbers/src/test/resources
2018-08-17 14:14:54,114 [Worker-37: Building workspace] INFO  o.e.m.c.i.embedder.EclipseLogger - Using 'UTF-8' encoding to copy filtered resources.
2018-08-17 14:14:54,118 [Worker-37: Building workspace] INFO  o.e.m.c.i.embedder.EclipseLogger - skip non existing resourceDirectory /home/aleksandras/GitHub/lithuania_in_numbers/LithuaniaInNumbers/src/main/resources
2018-08-17 14:14:54,120 [Worker-37: Building workspace] INFO  o.e.m.c.i.embedder.EclipseLogger - Using 'UTF-8' encoding to copy filtered resources.
2018-08-17 14:14:54,120 [Worker-37: Building workspace] INFO  o.e.m.c.i.embedder.EclipseLogger - skip non existing resourceDirectory /home/aleksandras/GitHub/lithuania_in_numbers/LithuaniaInNumbers/src/test/resources
2018-08-17 14:16:08,372 [Worker-44: Building workspace] INFO  o.e.m.c.i.embedder.EclipseLogger - Using 'UTF-8' encoding to copy filtered resources.
2018-08-17 14:16:08,372 [Worker-44: Building workspace] INFO  o.e.m.c.i.embedder.EclipseLogger - skip non existing resourceDirectory /home/aleksandras/GitHub/lithuania_in_numbers/LithuaniaInNumbers/src/main/resources
2018-08-17 14:16:08,373 [Worker-44: Building workspace] INFO  o.e.m.c.i.embedder.EclipseLogger - Using 'UTF-8' encoding to copy filtered resources.
2018-08-17 14:16:08,373 [Worker-44: Building workspace] INFO  o.e.m.c.i.embedder.EclipseLogger - skip non existing resourceDirectory /home/aleksandras/GitHub/lithuania_in_numbers/LithuaniaInNumbers/src/test/resources
2018-08-17 14:17:09,721 [Worker-44: Building workspace] INFO  o.e.m.c.i.embedder.EclipseLogger - Using 'UTF-8' encoding to copy filtered resources.
2018-08-17 14:17:09,721 [Worker-44: Building workspace] INFO  o.e.m.c.i.embedder.EclipseLogger - skip non existing resourceDirectory /home/aleksandras/GitHub/lithuania_in_numbers/LithuaniaInNumbers/src/main/resources
2018-08-17 14:17:09,723 [Worker-44: Building workspace] INFO  o.e.m.c.i.embedder.EclipseLogger - Using 'UTF-8' encoding to copy filtered resources.
2018-08-17 14:17:09,723 [Worker-44: Building workspace] INFO  o.e.m.c.i.embedder.EclipseLogger - skip non existing resourceDirectory /home/aleksandras/GitHub/lithuania_in_numbers/LithuaniaInNumbers/src/test/resources
2018-08-17 14:46:16,391 [Worker-47: Building workspace] INFO  o.e.m.c.i.embedder.EclipseLogger - Using 'UTF-8' encoding to copy filtered resources.
2018-08-17 14:46:16,391 [Worker-47: Building workspace] INFO  o.e.m.c.i.embedder.EclipseLogger - skip non existing resourceDirectory /home/aleksandras/GitHub/lithuania_in_numbers/LithuaniaInNumbers/src/main/resources
2018-08-17 14:46:16,392 [Worker-47: Building workspace] INFO  o.e.m.c.i.embedder.EclipseLogger - Using 'UTF-8' encoding to copy filtered resources.
2018-08-17 14:46:16,392 [Worker-47: Building workspace] INFO  o.e.m.c.i.embedder.EclipseLogger - skip non existing resourceDirectory /home/aleksandras/GitHub/lithuania_in_numbers/LithuaniaInNumbers/src/test/resources
2018-08-17 14:47:35,761 [Worker-37: Building workspace] INFO  o.e.m.c.i.embedder.EclipseLogger - Using 'UTF-8' encoding to copy filtered resources.
2018-08-17 14:47:35,761 [Worker-37: Building workspace] INFO  o.e.m.c.i.embedder.EclipseLogger - skip non existing resourceDirectory /home/aleksandras/GitHub/lithuania_in_numbers/LithuaniaInNumbers/src/main/resources
2018-08-17 14:47:35,762 [Worker-37: Building workspace] INFO  o.e.m.c.i.embedder.EclipseLogger - Using 'UTF-8' encoding to copy filtered resources.
2018-08-17 14:47:35,762 [Worker-37: Building workspace] INFO  o.e.m.c.i.embedder.EclipseLogger - skip non existing resourceDirectory /home/aleksandras/GitHub/lithuania_in_numbers/LithuaniaInNumbers/src/test/resources
2018-08-17 14:49:24,444 [Worker-50: Building workspace] INFO  o.e.m.c.i.embedder.EclipseLogger - Using 'UTF-8' encoding to copy filtered resources.
2018-08-17 14:49:24,445 [Worker-50: Building workspace] INFO  o.e.m.c.i.embedder.EclipseLogger - skip non existing resourceDirectory /home/aleksandras/GitHub/lithuania_in_numbers/LithuaniaInNumbers/src/main/resources
2018-08-17 14:49:24,446 [Worker-50: Building workspace] INFO  o.e.m.c.i.embedder.EclipseLogger - Using 'UTF-8' encoding to copy filtered resources.
2018-08-17 14:49:24,446 [Worker-50: Building workspace] INFO  o.e.m.c.i.embedder.EclipseLogger - skip non existing resourceDirectory /home/aleksandras/GitHub/lithuania_in_numbers/LithuaniaInNumbers/src/test/resources
2018-08-17 14:49:30,911 [Worker-46: Building workspace] INFO  o.e.m.c.i.embedder.EclipseLogger - Using 'UTF-8' encoding to copy filtered resources.
2018-08-17 14:49:30,911 [Worker-46: Building workspace] INFO  o.e.m.c.i.embedder.EclipseLogger - skip non existing resourceDirectory /home/aleksandras/GitHub/lithuania_in_numbers/LithuaniaInNumbers/src/main/resources
2018-08-17 14:49:30,915 [Worker-46: Building workspace] INFO  o.e.m.c.i.embedder.EclipseLogger - Using 'UTF-8' encoding to copy filtered resources.
2018-08-17 14:49:30,915 [Worker-46: Building workspace] INFO  o.e.m.c.i.embedder.EclipseLogger - skip non existing resourceDirectory /home/aleksandras/GitHub/lithuania_in_numbers/LithuaniaInNumbers/src/test/resources
2018-08-17 14:53:00,597 [Worker-49: Building workspace] INFO  o.e.m.c.i.embedder.EclipseLogger - Using 'UTF-8' encoding to copy filtered resources.
2018-08-17 14:53:00,597 [Worker-49: Building workspace] INFO  o.e.m.c.i.embedder.EclipseLogger - skip non existing resourceDirectory /home/aleksandras/GitHub/lithuania_in_numbers/LithuaniaInNumbers/src/main/resources
2018-08-17 14:53:00,602 [Worker-49: Building workspace] INFO  o.e.m.c.i.embedder.EclipseLogger - Using 'UTF-8' encoding to copy filtered resources.
2018-08-17 14:53:00,602 [Worker-49: Building workspace] INFO  o.e.m.c.i.embedder.EclipseLogger - skip non existing resourceDirectory /home/aleksandras/GitHub/lithuania_in_numbers/LithuaniaInNumbers/src/test/resources
2018-08-17 14:57:54,080 [Worker-49: Building workspace] INFO  o.e.m.c.i.embedder.EclipseLogger - Using 'UTF-8' encoding to copy filtered resources.
2018-08-17 14:57:54,080 [Worker-49: Building workspace] INFO  o.e.m.c.i.embedder.EclipseLogger - skip non existing resourceDirectory /home/aleksandras/GitHub/lithuania_in_numbers/LithuaniaInNumbers/src/main/resources
2018-08-17 14:57:54,081 [Worker-49: Building workspace] INFO  o.e.m.c.i.embedder.EclipseLogger - Using 'UTF-8' encoding to copy filtered resources.
2018-08-17 14:57:54,083 [Worker-49: Building workspace] INFO  o.e.m.c.i.embedder.EclipseLogger - skip non existing resourceDirectory /home/aleksandras/GitHub/lithuania_in_numbers/LithuaniaInNumbers/src/test/resources
2018-08-17 14:58:16,870 [Worker-52: Building workspace] INFO  o.e.m.c.i.embedder.EclipseLogger - Using 'UTF-8' encoding to copy filtered resources.
2018-08-17 14:58:16,870 [Worker-52: Building workspace] INFO  o.e.m.c.i.embedder.EclipseLogger - skip non existing resourceDirectory /home/aleksandras/GitHub/lithuania_in_numbers/LithuaniaInNumbers/src/main/resources
2018-08-17 14:58:16,871 [Worker-52: Building workspace] INFO  o.e.m.c.i.embedder.EclipseLogger - Using 'UTF-8' encoding to copy filtered resources.
2018-08-17 14:58:16,872 [Worker-52: Building workspace] INFO  o.e.m.c.i.embedder.EclipseLogger - skip non existing resourceDirectory /home/aleksandras/GitHub/lithuania_in_numbers/LithuaniaInNumbers/src/test/resources
2018-08-17 15:00:11,557 [Worker-51: Building workspace] INFO  o.e.m.c.i.embedder.EclipseLogger - Using 'UTF-8' encoding to copy filtered resources.
2018-08-17 15:00:11,558 [Worker-51: Building workspace] INFO  o.e.m.c.i.embedder.EclipseLogger - skip non existing resourceDirectory /home/aleksandras/GitHub/lithuania_in_numbers/LithuaniaInNumbers/src/main/resources
2018-08-17 15:00:11,559 [Worker-51: Building workspace] INFO  o.e.m.c.i.embedder.EclipseLogger - Using 'UTF-8' encoding to copy filtered resources.
2018-08-17 15:00:11,559 [Worker-51: Building workspace] INFO  o.e.m.c.i.embedder.EclipseLogger - skip non existing resourceDirectory /home/aleksandras/GitHub/lithuania_in_numbers/LithuaniaInNumbers/src/test/resources
2018-08-17 15:01:02,653 [Worker-53: Building workspace] INFO  o.e.m.c.i.embedder.EclipseLogger - Using 'UTF-8' encoding to copy filtered resources.
2018-08-17 15:01:02,654 [Worker-53: Building workspace] INFO  o.e.m.c.i.embedder.EclipseLogger - skip non existing resourceDirectory /home/aleksandras/GitHub/lithuania_in_numbers/LithuaniaInNumbers/src/main/resources
2018-08-17 15:01:02,656 [Worker-53: Building workspace] INFO  o.e.m.c.i.embedder.EclipseLogger - Using 'UTF-8' encoding to copy filtered resources.
2018-08-17 15:01:02,656 [Worker-53: Building workspace] INFO  o.e.m.c.i.embedder.EclipseLogger - skip non existing resourceDirectory /home/aleksandras/GitHub/lithuania_in_numbers/LithuaniaInNumbers/src/test/resources
2018-08-17 15:01:09,356 [Worker-53: Building workspace] INFO  o.e.m.c.i.embedder.EclipseLogger - Using 'UTF-8' encoding to copy filtered resources.
2018-08-17 15:01:09,356 [Worker-53: Building workspace] INFO  o.e.m.c.i.embedder.EclipseLogger - skip non existing resourceDirectory /home/aleksandras/GitHub/lithuania_in_numbers/LithuaniaInNumbers/src/main/resources
2018-08-17 15:01:09,358 [Worker-53: Building workspace] INFO  o.e.m.c.i.embedder.EclipseLogger - Using 'UTF-8' encoding to copy filtered resources.
2018-08-17 15:01:09,358 [Worker-53: Building workspace] INFO  o.e.m.c.i.embedder.EclipseLogger - skip non existing resourceDirectory /home/aleksandras/GitHub/lithuania_in_numbers/LithuaniaInNumbers/src/test/resources
2018-08-17 15:03:33,197 [Worker-53: Building workspace] INFO  o.e.m.c.i.embedder.EclipseLogger - Using 'UTF-8' encoding to copy filtered resources.
2018-08-17 15:03:33,197 [Worker-53: Building workspace] INFO  o.e.m.c.i.embedder.EclipseLogger - skip non existing resourceDirectory /home/aleksandras/GitHub/lithuania_in_numbers/LithuaniaInNumbers/src/main/resources
2018-08-17 15:03:33,199 [Worker-53: Building workspace] INFO  o.e.m.c.i.embedder.EclipseLogger - Using 'UTF-8' encoding to copy filtered resources.
2018-08-17 15:03:33,199 [Worker-53: Building workspace] INFO  o.e.m.c.i.embedder.EclipseLogger - skip non existing resourceDirectory /home/aleksandras/GitHub/lithuania_in_numbers/LithuaniaInNumbers/src/test/resources
2018-08-17 15:03:54,299 [Worker-34: Building workspace] INFO  o.e.m.c.i.embedder.EclipseLogger - Using 'UTF-8' encoding to copy filtered resources.
2018-08-17 15:03:54,299 [Worker-34: Building workspace] INFO  o.e.m.c.i.embedder.EclipseLogger - skip non existing resourceDirectory /home/aleksandras/GitHub/lithuania_in_numbers/LithuaniaInNumbers/src/main/resources
2018-08-17 15:03:54,301 [Worker-34: Building workspace] INFO  o.e.m.c.i.embedder.EclipseLogger - Using 'UTF-8' encoding to copy filtered resources.
2018-08-17 15:03:54,301 [Worker-34: Building workspace] INFO  o.e.m.c.i.embedder.EclipseLogger - skip non existing resourceDirectory /home/aleksandras/GitHub/lithuania_in_numbers/LithuaniaInNumbers/src/test/resources
2018-08-17 15:04:43,689 [Worker-53: Building workspace] INFO  o.e.m.c.i.embedder.EclipseLogger - Using 'UTF-8' encoding to copy filtered resources.
2018-08-17 15:04:43,689 [Worker-53: Building workspace] INFO  o.e.m.c.i.embedder.EclipseLogger - skip non existing resourceDirectory /home/aleksandras/GitHub/lithuania_in_numbers/LithuaniaInNumbers/src/main/resources
2018-08-17 15:04:43,690 [Worker-53: Building workspace] INFO  o.e.m.c.i.embedder.EclipseLogger - Using 'UTF-8' encoding to copy filtered resources.
2018-08-17 15:04:43,691 [Worker-53: Building workspace] INFO  o.e.m.c.i.embedder.EclipseLogger - skip non existing resourceDirectory /home/aleksandras/GitHub/lithuania_in_numbers/LithuaniaInNumbers/src/test/resources
2018-08-17 15:05:15,549 [Worker-49: Building workspace] INFO  o.e.m.c.i.embedder.EclipseLogger - Using 'UTF-8' encoding to copy filtered resources.
2018-08-17 15:05:15,549 [Worker-49: Building workspace] INFO  o.e.m.c.i.embedder.EclipseLogger - skip non existing resourceDirectory /home/aleksandras/GitHub/lithuania_in_numbers/LithuaniaInNumbers/src/main/resources
2018-08-17 15:05:15,550 [Worker-49: Building workspace] INFO  o.e.m.c.i.embedder.EclipseLogger - Using 'UTF-8' encoding to copy filtered resources.
2018-08-17 15:05:15,550 [Worker-49: Building workspace] INFO  o.e.m.c.i.embedder.EclipseLogger - skip non existing resourceDirectory /home/aleksandras/GitHub/lithuania_in_numbers/LithuaniaInNumbers/src/test/resources
2018-08-17 15:06:04,541 [Worker-51: Building workspace] INFO  o.e.m.c.i.embedder.EclipseLogger - Using 'UTF-8' encoding to copy filtered resources.
2018-08-17 15:06:04,542 [Worker-51: Building workspace] INFO  o.e.m.c.i.embedder.EclipseLogger - skip non existing resourceDirectory /home/aleksandras/GitHub/lithuania_in_numbers/LithuaniaInNumbers/src/main/resources
2018-08-17 15:06:04,543 [Worker-51: Building workspace] INFO  o.e.m.c.i.embedder.EclipseLogger - Using 'UTF-8' encoding to copy filtered resources.
2018-08-17 15:06:04,543 [Worker-51: Building workspace] INFO  o.e.m.c.i.embedder.EclipseLogger - skip non existing resourceDirectory /home/aleksandras/GitHub/lithuania_in_numbers/LithuaniaInNumbers/src/test/resources
2018-08-17 15:06:49,308 [Worker-34: Building workspace] INFO  o.e.m.c.i.embedder.EclipseLogger - Using 'UTF-8' encoding to copy filtered resources.
2018-08-17 15:06:49,309 [Worker-34: Building workspace] INFO  o.e.m.c.i.embedder.EclipseLogger - skip non existing resourceDirectory /home/aleksandras/GitHub/lithuania_in_numbers/LithuaniaInNumbers/src/main/resources
2018-08-17 15:06:49,310 [Worker-34: Building workspace] INFO  o.e.m.c.i.embedder.EclipseLogger - Using 'UTF-8' encoding to copy filtered resources.
2018-08-17 15:06:49,310 [Worker-34: Building workspace] INFO  o.e.m.c.i.embedder.EclipseLogger - skip non existing resourceDirectory /home/aleksandras/GitHub/lithuania_in_numbers/LithuaniaInNumbers/src/test/resources
2018-08-17 15:10:15,699 [Worker-34: Building workspace] INFO  o.e.m.c.i.embedder.EclipseLogger - Using 'UTF-8' encoding to copy filtered resources.
2018-08-17 15:10:15,699 [Worker-34: Building workspace] INFO  o.e.m.c.i.embedder.EclipseLogger - skip non existing resourceDirectory /home/aleksandras/GitHub/lithuania_in_numbers/LithuaniaInNumbers/src/main/resources
2018-08-17 15:10:15,700 [Worker-34: Building workspace] INFO  o.e.m.c.i.embedder.EclipseLogger - Using 'UTF-8' encoding to copy filtered resources.
2018-08-17 15:10:15,700 [Worker-34: Building workspace] INFO  o.e.m.c.i.embedder.EclipseLogger - skip non existing resourceDirectory /home/aleksandras/GitHub/lithuania_in_numbers/LithuaniaInNumbers/src/test/resources
2018-08-17 15:10:32,687 [Worker-34: Building workspace] INFO  o.e.m.c.i.embedder.EclipseLogger - Using 'UTF-8' encoding to copy filtered resources.
2018-08-17 15:10:32,687 [Worker-34: Building workspace] INFO  o.e.m.c.i.embedder.EclipseLogger - skip non existing resourceDirectory /home/aleksandras/GitHub/lithuania_in_numbers/LithuaniaInNumbers/src/main/resources
2018-08-17 15:10:32,689 [Worker-34: Building workspace] INFO  o.e.m.c.i.embedder.EclipseLogger - Using 'UTF-8' encoding to copy filtered resources.
2018-08-17 15:10:32,689 [Worker-34: Building workspace] INFO  o.e.m.c.i.embedder.EclipseLogger - skip non existing resourceDirectory /home/aleksandras/GitHub/lithuania_in_numbers/LithuaniaInNumbers/src/test/resources
2018-08-17 15:11:21,319 [Worker-55: Building workspace] INFO  o.e.m.c.i.embedder.EclipseLogger - Using 'UTF-8' encoding to copy filtered resources.
2018-08-17 15:11:21,319 [Worker-55: Building workspace] INFO  o.e.m.c.i.embedder.EclipseLogger - skip non existing resourceDirectory /home/aleksandras/GitHub/lithuania_in_numbers/LithuaniaInNumbers/src/main/resources
2018-08-17 15:11:21,321 [Worker-55: Building workspace] INFO  o.e.m.c.i.embedder.EclipseLogger - Using 'UTF-8' encoding to copy filtered resources.
2018-08-17 15:11:21,321 [Worker-55: Building workspace] INFO  o.e.m.c.i.embedder.EclipseLogger - skip non existing resourceDirectory /home/aleksandras/GitHub/lithuania_in_numbers/LithuaniaInNumbers/src/test/resources
2018-08-17 15:29:03,503 [Worker-51: Building workspace] INFO  o.e.m.c.i.l.LifecycleMappingFactory - Using org.eclipse.m2e.jdt.JarLifecycleMapping lifecycle mapping for MavenProject: org.LithuaniaInNumbers:LithuaniaInNumbers:0.0.1-SNAPSHOT @ /home/aleksandras/GitHub/lithuania_in_numbers/LithuaniaInNumbers/pom.xml.
2018-08-17 15:29:04,237 [Worker-51: Building workspace] INFO  o.e.m.c.i.e.AbstractTransferListenerAdapter - Downloading https://repo.maven.apache.org/maven2/com/google/code/gson/gson/2.8.5/gson-2.8.5.pom
2018-08-17 15:29:04,336 [Worker-51: Building workspace] INFO  o.e.m.c.i.e.AbstractTransferListenerAdapter - Downloaded https://repo.maven.apache.org/maven2/com/google/code/gson/gson/2.8.5/gson-2.8.5.pom
2018-08-17 15:29:04,396 [Worker-51: Building workspace] INFO  o.e.m.c.i.e.AbstractTransferListenerAdapter - Downloading https://repo.maven.apache.org/maven2/com/google/code/gson/gson-parent/2.8.5/gson-parent-2.8.5.pom
2018-08-17 15:29:04,431 [Worker-51: Building workspace] INFO  o.e.m.c.i.e.AbstractTransferListenerAdapter - Downloaded https://repo.maven.apache.org/maven2/com/google/code/gson/gson-parent/2.8.5/gson-parent-2.8.5.pom
2018-08-17 15:29:04,474 [Worker-51: Building workspace] INFO  o.e.m.c.i.e.AbstractTransferListenerAdapter - Downloading https://repo.maven.apache.org/maven2/com/google/code/gson/gson/2.8.5/gson-2.8.5.jar
2018-08-17 15:29:04,863 [Worker-51: Building workspace] INFO  o.e.m.c.i.e.AbstractTransferListenerAdapter - Downloaded https://repo.maven.apache.org/maven2/com/google/code/gson/gson/2.8.5/gson-2.8.5.jar
2018-08-17 15:29:05,043 [Worker-51: Building workspace] INFO  o.e.m.c.i.embedder.EclipseLogger - Using 'UTF-8' encoding to copy filtered resources.
2018-08-17 15:29:05,045 [Worker-51: Building workspace] INFO  o.e.m.c.i.embedder.EclipseLogger - skip non existing resourceDirectory /home/aleksandras/GitHub/lithuania_in_numbers/LithuaniaInNumbers/src/main/resources
2018-08-17 15:29:05,046 [Worker-51: Building workspace] INFO  o.e.m.c.i.embedder.EclipseLogger - Using 'UTF-8' encoding to copy filtered resources.
2018-08-17 15:29:05,047 [Worker-51: Building workspace] INFO  o.e.m.c.i.embedder.EclipseLogger - skip non existing resourceDirectory /home/aleksandras/GitHub/lithuania_in_numbers/LithuaniaInNumbers/src/test/resources
2018-08-17 15:29:06,754 [Worker-53: Download sources and javadoc] INFO  o.e.m.c.i.e.AbstractTransferListenerAdapter - Downloading https://repo.maven.apache.org/maven2/com/google/code/gson/gson/2.8.5/gson-2.8.5-sources.jar
2018-08-17 15:29:06,945 [Worker-53: Download sources and javadoc] INFO  o.e.m.c.i.e.AbstractTransferListenerAdapter - Downloaded https://repo.maven.apache.org/maven2/com/google/code/gson/gson/2.8.5/gson-2.8.5-sources.jar
2018-08-17 15:29:07,145 [Worker-53: Download sources and javadoc] INFO  o.e.m.j.internal.DownloadSourcesJob - Downloaded sources for com.google.code.gson:gson:2.8.5
2018-08-17 15:29:07,388 [Worker-53: Building workspace] INFO  o.e.m.c.i.embedder.EclipseLogger - Using 'UTF-8' encoding to copy filtered resources.
2018-08-17 15:29:07,388 [Worker-53: Building workspace] INFO  o.e.m.c.i.embedder.EclipseLogger - skip non existing resourceDirectory /home/aleksandras/GitHub/lithuania_in_numbers/LithuaniaInNumbers/src/main/resources
2018-08-17 15:29:07,390 [Worker-53: Building workspace] INFO  o.e.m.c.i.embedder.EclipseLogger - Using 'UTF-8' encoding to copy filtered resources.
2018-08-17 15:29:07,391 [Worker-53: Building workspace] INFO  o.e.m.c.i.embedder.EclipseLogger - skip non existing resourceDirectory /home/aleksandras/GitHub/lithuania_in_numbers/LithuaniaInNumbers/src/test/resources
2018-08-17 15:29:09,935 [Worker-58: Building workspace] INFO  o.e.m.c.i.embedder.EclipseLogger - Using 'UTF-8' encoding to copy filtered resources.
2018-08-17 15:29:09,935 [Worker-58: Building workspace] INFO  o.e.m.c.i.embedder.EclipseLogger - skip non existing resourceDirectory /home/aleksandras/GitHub/lithuania_in_numbers/LithuaniaInNumbers/src/main/resources
2018-08-17 15:29:09,937 [Worker-58: Building workspace] INFO  o.e.m.c.i.embedder.EclipseLogger - Using 'UTF-8' encoding to copy filtered resources.
2018-08-17 15:29:09,937 [Worker-58: Building workspace] INFO  o.e.m.c.i.embedder.EclipseLogger - skip non existing resourceDirectory /home/aleksandras/GitHub/lithuania_in_numbers/LithuaniaInNumbers/src/test/resources
2018-08-17 15:30:17,289 [Worker-58: Building workspace] INFO  o.e.m.c.i.embedder.EclipseLogger - Using 'UTF-8' encoding to copy filtered resources.
2018-08-17 15:30:17,289 [Worker-58: Building workspace] INFO  o.e.m.c.i.embedder.EclipseLogger - skip non existing resourceDirectory /home/aleksandras/GitHub/lithuania_in_numbers/LithuaniaInNumbers/src/main/resources
2018-08-17 15:30:17,292 [Worker-58: Building workspace] INFO  o.e.m.c.i.embedder.EclipseLogger - Using 'UTF-8' encoding to copy filtered resources.
2018-08-17 15:30:17,292 [Worker-58: Building workspace] INFO  o.e.m.c.i.embedder.EclipseLogger - skip non existing resourceDirectory /home/aleksandras/GitHub/lithuania_in_numbers/LithuaniaInNumbers/src/test/resources
2018-08-17 15:33:35,728 [Worker-49: Building workspace] INFO  o.e.m.c.i.embedder.EclipseLogger - Using 'UTF-8' encoding to copy filtered resources.
2018-08-17 15:33:35,728 [Worker-49: Building workspace] INFO  o.e.m.c.i.embedder.EclipseLogger - skip non existing resourceDirectory /home/aleksandras/GitHub/lithuania_in_numbers/LithuaniaInNumbers/src/main/resources
2018-08-17 15:33:35,730 [Worker-49: Building workspace] INFO  o.e.m.c.i.embedder.EclipseLogger - Using 'UTF-8' encoding to copy filtered resources.
2018-08-17 15:33:35,730 [Worker-49: Building workspace] INFO  o.e.m.c.i.embedder.EclipseLogger - skip non existing resourceDirectory /home/aleksandras/GitHub/lithuania_in_numbers/LithuaniaInNumbers/src/test/resources
2018-08-17 15:36:13,773 [Worker-58: Building workspace] INFO  o.e.m.c.i.embedder.EclipseLogger - Using 'UTF-8' encoding to copy filtered resources.
2018-08-17 15:36:13,773 [Worker-58: Building workspace] INFO  o.e.m.c.i.embedder.EclipseLogger - skip non existing resourceDirectory /home/aleksandras/GitHub/lithuania_in_numbers/LithuaniaInNumbers/src/main/resources
2018-08-17 15:36:13,774 [Worker-58: Building workspace] INFO  o.e.m.c.i.embedder.EclipseLogger - Using 'UTF-8' encoding to copy filtered resources.
2018-08-17 15:36:13,774 [Worker-58: Building workspace] INFO  o.e.m.c.i.embedder.EclipseLogger - skip non existing resourceDirectory /home/aleksandras/GitHub/lithuania_in_numbers/LithuaniaInNumbers/src/test/resources
2018-08-17 15:37:05,930 [Worker-60: Building workspace] INFO  o.e.m.c.i.embedder.EclipseLogger - Using 'UTF-8' encoding to copy filtered resources.
2018-08-17 15:37:05,931 [Worker-60: Building workspace] INFO  o.e.m.c.i.embedder.EclipseLogger - skip non existing resourceDirectory /home/aleksandras/GitHub/lithuania_in_numbers/LithuaniaInNumbers/src/main/resources
2018-08-17 15:37:05,932 [Worker-60: Building workspace] INFO  o.e.m.c.i.embedder.EclipseLogger - Using 'UTF-8' encoding to copy filtered resources.
2018-08-17 15:37:05,932 [Worker-60: Building workspace] INFO  o.e.m.c.i.embedder.EclipseLogger - skip non existing resourceDirectory /home/aleksandras/GitHub/lithuania_in_numbers/LithuaniaInNumbers/src/test/resources
2018-08-17 15:38:44,306 [Worker-58: Building workspace] INFO  o.e.m.c.i.embedder.EclipseLogger - Using 'UTF-8' encoding to copy filtered resources.
2018-08-17 15:38:44,306 [Worker-58: Building workspace] INFO  o.e.m.c.i.embedder.EclipseLogger - skip non existing resourceDirectory /home/aleksandras/GitHub/lithuania_in_numbers/LithuaniaInNumbers/src/main/resources
2018-08-17 15:38:44,308 [Worker-58: Building workspace] INFO  o.e.m.c.i.embedder.EclipseLogger - Using 'UTF-8' encoding to copy filtered resources.
2018-08-17 15:38:44,308 [Worker-58: Building workspace] INFO  o.e.m.c.i.embedder.EclipseLogger - skip non existing resourceDirectory /home/aleksandras/GitHub/lithuania_in_numbers/LithuaniaInNumbers/src/test/resources
2018-08-17 15:38:48,068 [Worker-51: Building workspace] INFO  o.e.m.c.i.embedder.EclipseLogger - Using 'UTF-8' encoding to copy filtered resources.
2018-08-17 15:38:48,069 [Worker-51: Building workspace] INFO  o.e.m.c.i.embedder.EclipseLogger - skip non existing resourceDirectory /home/aleksandras/GitHub/lithuania_in_numbers/LithuaniaInNumbers/src/main/resources
2018-08-17 15:38:48,070 [Worker-51: Building workspace] INFO  o.e.m.c.i.embedder.EclipseLogger - Using 'UTF-8' encoding to copy filtered resources.
2018-08-17 15:38:48,070 [Worker-51: Building workspace] INFO  o.e.m.c.i.embedder.EclipseLogger - skip non existing resourceDirectory /home/aleksandras/GitHub/lithuania_in_numbers/LithuaniaInNumbers/src/test/resources
2018-08-17 15:41:43,441 [Worker-62: Building workspace] INFO  o.e.m.c.i.embedder.EclipseLogger - Using 'UTF-8' encoding to copy filtered resources.
2018-08-17 15:41:43,441 [Worker-62: Building workspace] INFO  o.e.m.c.i.embedder.EclipseLogger - skip non existing resourceDirectory /home/aleksandras/GitHub/lithuania_in_numbers/LithuaniaInNumbers/src/main/resources
2018-08-17 15:41:43,442 [Worker-62: Building workspace] INFO  o.e.m.c.i.embedder.EclipseLogger - Using 'UTF-8' encoding to copy filtered resources.
2018-08-17 15:41:43,442 [Worker-62: Building workspace] INFO  o.e.m.c.i.embedder.EclipseLogger - skip non existing resourceDirectory /home/aleksandras/GitHub/lithuania_in_numbers/LithuaniaInNumbers/src/test/resources
2018-08-17 15:41:52,552 [Worker-60: Building workspace] INFO  o.e.m.c.i.embedder.EclipseLogger - Using 'UTF-8' encoding to copy filtered resources.
2018-08-17 15:41:52,552 [Worker-60: Building workspace] INFO  o.e.m.c.i.embedder.EclipseLogger - skip non existing resourceDirectory /home/aleksandras/GitHub/lithuania_in_numbers/LithuaniaInNumbers/src/main/resources
2018-08-17 15:41:52,553 [Worker-60: Building workspace] INFO  o.e.m.c.i.embedder.EclipseLogger - Using 'UTF-8' encoding to copy filtered resources.
2018-08-17 15:41:52,553 [Worker-60: Building workspace] INFO  o.e.m.c.i.embedder.EclipseLogger - skip non existing resourceDirectory /home/aleksandras/GitHub/lithuania_in_numbers/LithuaniaInNumbers/src/test/resources
2018-08-17 15:42:02,506 [Worker-59: Building workspace] INFO  o.e.m.c.i.embedder.EclipseLogger - Using 'UTF-8' encoding to copy filtered resources.
2018-08-17 15:42:02,506 [Worker-59: Building workspace] INFO  o.e.m.c.i.embedder.EclipseLogger - skip non existing resourceDirectory /home/aleksandras/GitHub/lithuania_in_numbers/LithuaniaInNumbers/src/main/resources
2018-08-17 15:42:02,508 [Worker-59: Building workspace] INFO  o.e.m.c.i.embedder.EclipseLogger - Using 'UTF-8' encoding to copy filtered resources.
2018-08-17 15:42:02,508 [Worker-59: Building workspace] INFO  o.e.m.c.i.embedder.EclipseLogger - skip non existing resourceDirectory /home/aleksandras/GitHub/lithuania_in_numbers/LithuaniaInNumbers/src/test/resources
2018-08-17 15:42:08,819 [Worker-59: Building workspace] INFO  o.e.m.c.i.embedder.EclipseLogger - Using 'UTF-8' encoding to copy filtered resources.
2018-08-17 15:42:08,819 [Worker-59: Building workspace] INFO  o.e.m.c.i.embedder.EclipseLogger - skip non existing resourceDirectory /home/aleksandras/GitHub/lithuania_in_numbers/LithuaniaInNumbers/src/main/resources
2018-08-17 15:42:08,820 [Worker-59: Building workspace] INFO  o.e.m.c.i.embedder.EclipseLogger - Using 'UTF-8' encoding to copy filtered resources.
2018-08-17 15:42:08,820 [Worker-59: Building workspace] INFO  o.e.m.c.i.embedder.EclipseLogger - skip non existing resourceDirectory /home/aleksandras/GitHub/lithuania_in_numbers/LithuaniaInNumbers/src/test/resources
2018-08-17 15:42:26,739 [Worker-64: Building workspace] INFO  o.e.m.c.i.embedder.EclipseLogger - Using 'UTF-8' encoding to copy filtered resources.
2018-08-17 15:42:26,739 [Worker-64: Building workspace] INFO  o.e.m.c.i.embedder.EclipseLogger - skip non existing resourceDirectory /home/aleksandras/GitHub/lithuania_in_numbers/LithuaniaInNumbers/src/main/resources
2018-08-17 15:42:26,740 [Worker-64: Building workspace] INFO  o.e.m.c.i.embedder.EclipseLogger - Using 'UTF-8' encoding to copy filtered resources.
2018-08-17 15:42:26,740 [Worker-64: Building workspace] INFO  o.e.m.c.i.embedder.EclipseLogger - skip non existing resourceDirectory /home/aleksandras/GitHub/lithuania_in_numbers/LithuaniaInNumbers/src/test/resources
2018-08-17 15:43:19,663 [Worker-53: Building workspace] INFO  o.e.m.c.i.embedder.EclipseLogger - Using 'UTF-8' encoding to copy filtered resources.
2018-08-17 15:43:19,663 [Worker-53: Building workspace] INFO  o.e.m.c.i.embedder.EclipseLogger - skip non existing resourceDirectory /home/aleksandras/GitHub/lithuania_in_numbers/LithuaniaInNumbers/src/main/resources
2018-08-17 15:43:19,665 [Worker-53: Building workspace] INFO  o.e.m.c.i.embedder.EclipseLogger - Using 'UTF-8' encoding to copy filtered resources.
2018-08-17 15:43:19,665 [Worker-53: Building workspace] INFO  o.e.m.c.i.embedder.EclipseLogger - skip non existing resourceDirectory /home/aleksandras/GitHub/lithuania_in_numbers/LithuaniaInNumbers/src/test/resources
2018-08-17 15:44:26,588 [Worker-63: Building workspace] INFO  o.e.m.c.i.embedder.EclipseLogger - Using 'UTF-8' encoding to copy filtered resources.
2018-08-17 15:44:26,588 [Worker-63: Building workspace] INFO  o.e.m.c.i.embedder.EclipseLogger - skip non existing resourceDirectory /home/aleksandras/GitHub/lithuania_in_numbers/LithuaniaInNumbers/src/main/resources
2018-08-17 15:44:26,590 [Worker-63: Building workspace] INFO  o.e.m.c.i.embedder.EclipseLogger - Using 'UTF-8' encoding to copy filtered resources.
2018-08-17 15:44:26,590 [Worker-63: Building workspace] INFO  o.e.m.c.i.embedder.EclipseLogger - skip non existing resourceDirectory /home/aleksandras/GitHub/lithuania_in_numbers/LithuaniaInNumbers/src/test/resources
2018-08-17 15:44:37,376 [Worker-62: Building workspace] INFO  o.e.m.c.i.embedder.EclipseLogger - Using 'UTF-8' encoding to copy filtered resources.
2018-08-17 15:44:37,376 [Worker-62: Building workspace] INFO  o.e.m.c.i.embedder.EclipseLogger - skip non existing resourceDirectory /home/aleksandras/GitHub/lithuania_in_numbers/LithuaniaInNumbers/src/main/resources
2018-08-17 15:44:37,377 [Worker-62: Building workspace] INFO  o.e.m.c.i.embedder.EclipseLogger - Using 'UTF-8' encoding to copy filtered resources.
2018-08-17 15:44:37,377 [Worker-62: Building workspace] INFO  o.e.m.c.i.embedder.EclipseLogger - skip non existing resourceDirectory /home/aleksandras/GitHub/lithuania_in_numbers/LithuaniaInNumbers/src/test/resources
2018-08-17 15:47:17,418 [Worker-64: Building workspace] INFO  o.e.m.c.i.embedder.EclipseLogger - Using 'UTF-8' encoding to copy filtered resources.
2018-08-17 15:47:17,418 [Worker-64: Building workspace] INFO  o.e.m.c.i.embedder.EclipseLogger - skip non existing resourceDirectory /home/aleksandras/GitHub/lithuania_in_numbers/LithuaniaInNumbers/src/main/resources
2018-08-17 15:47:17,420 [Worker-64: Building workspace] INFO  o.e.m.c.i.embedder.EclipseLogger - Using 'UTF-8' encoding to copy filtered resources.
2018-08-17 15:47:17,420 [Worker-64: Building workspace] INFO  o.e.m.c.i.embedder.EclipseLogger - skip non existing resourceDirectory /home/aleksandras/GitHub/lithuania_in_numbers/LithuaniaInNumbers/src/test/resources
2018-08-17 15:48:20,720 [Worker-59: Building workspace] INFO  o.e.m.c.i.embedder.EclipseLogger - Using 'UTF-8' encoding to copy filtered resources.
2018-08-17 15:48:20,720 [Worker-59: Building workspace] INFO  o.e.m.c.i.embedder.EclipseLogger - skip non existing resourceDirectory /home/aleksandras/GitHub/lithuania_in_numbers/LithuaniaInNumbers/src/main/resources
2018-08-17 15:48:20,721 [Worker-59: Building workspace] INFO  o.e.m.c.i.embedder.EclipseLogger - Using 'UTF-8' encoding to copy filtered resources.
2018-08-17 15:48:20,721 [Worker-59: Building workspace] INFO  o.e.m.c.i.embedder.EclipseLogger - skip non existing resourceDirectory /home/aleksandras/GitHub/lithuania_in_numbers/LithuaniaInNumbers/src/test/resources
2018-08-17 15:48:36,188 [Worker-60: Building workspace] INFO  o.e.m.c.i.embedder.EclipseLogger - Using 'UTF-8' encoding to copy filtered resources.
2018-08-17 15:48:36,188 [Worker-60: Building workspace] INFO  o.e.m.c.i.embedder.EclipseLogger - skip non existing resourceDirectory /home/aleksandras/GitHub/lithuania_in_numbers/LithuaniaInNumbers/src/main/resources
2018-08-17 15:48:36,190 [Worker-60: Building workspace] INFO  o.e.m.c.i.embedder.EclipseLogger - Using 'UTF-8' encoding to copy filtered resources.
2018-08-17 15:48:36,190 [Worker-60: Building workspace] INFO  o.e.m.c.i.embedder.EclipseLogger - skip non existing resourceDirectory /home/aleksandras/GitHub/lithuania_in_numbers/LithuaniaInNumbers/src/test/resources
2018-08-17 15:51:29,339 [Worker-63: Building workspace] INFO  o.e.m.c.i.embedder.EclipseLogger - Using 'UTF-8' encoding to copy filtered resources.
2018-08-17 15:51:29,339 [Worker-63: Building workspace] INFO  o.e.m.c.i.embedder.EclipseLogger - skip non existing resourceDirectory /home/aleksandras/GitHub/lithuania_in_numbers/LithuaniaInNumbers/src/main/resources
2018-08-17 15:51:29,340 [Worker-63: Building workspace] INFO  o.e.m.c.i.embedder.EclipseLogger - Using 'UTF-8' encoding to copy filtered resources.
2018-08-17 15:51:29,340 [Worker-63: Building workspace] INFO  o.e.m.c.i.embedder.EclipseLogger - skip non existing resourceDirectory /home/aleksandras/GitHub/lithuania_in_numbers/LithuaniaInNumbers/src/test/resources
2018-08-17 15:51:38,367 [Worker-53: Building workspace] INFO  o.e.m.c.i.embedder.EclipseLogger - Using 'UTF-8' encoding to copy filtered resources.
2018-08-17 15:51:38,367 [Worker-53: Building workspace] INFO  o.e.m.c.i.embedder.EclipseLogger - skip non existing resourceDirectory /home/aleksandras/GitHub/lithuania_in_numbers/LithuaniaInNumbers/src/main/resources
2018-08-17 15:51:38,369 [Worker-53: Building workspace] INFO  o.e.m.c.i.embedder.EclipseLogger - Using 'UTF-8' encoding to copy filtered resources.
2018-08-17 15:51:38,369 [Worker-53: Building workspace] INFO  o.e.m.c.i.embedder.EclipseLogger - skip non existing resourceDirectory /home/aleksandras/GitHub/lithuania_in_numbers/LithuaniaInNumbers/src/test/resources
2018-08-17 15:55:34,051 [Worker-60: Building workspace] INFO  o.e.m.c.i.embedder.EclipseLogger - Using 'UTF-8' encoding to copy filtered resources.
2018-08-17 15:55:34,051 [Worker-60: Building workspace] INFO  o.e.m.c.i.embedder.EclipseLogger - skip non existing resourceDirectory /home/aleksandras/GitHub/lithuania_in_numbers/LithuaniaInNumbers/src/main/resources
2018-08-17 15:55:34,052 [Worker-60: Building workspace] INFO  o.e.m.c.i.embedder.EclipseLogger - Using 'UTF-8' encoding to copy filtered resources.
2018-08-17 15:55:34,052 [Worker-60: Building workspace] INFO  o.e.m.c.i.embedder.EclipseLogger - skip non existing resourceDirectory /home/aleksandras/GitHub/lithuania_in_numbers/LithuaniaInNumbers/src/test/resources
2018-08-17 15:56:26,467 [Worker-60: Building workspace] INFO  o.e.m.c.i.embedder.EclipseLogger - Using 'UTF-8' encoding to copy filtered resources.
2018-08-17 15:56:26,467 [Worker-60: Building workspace] INFO  o.e.m.c.i.embedder.EclipseLogger - skip non existing resourceDirectory /home/aleksandras/GitHub/lithuania_in_numbers/LithuaniaInNumbers/src/main/resources
2018-08-17 15:56:26,469 [Worker-60: Building workspace] INFO  o.e.m.c.i.embedder.EclipseLogger - Using 'UTF-8' encoding to copy filtered resources.
2018-08-17 15:56:26,469 [Worker-60: Building workspace] INFO  o.e.m.c.i.embedder.EclipseLogger - skip non existing resourceDirectory /home/aleksandras/GitHub/lithuania_in_numbers/LithuaniaInNumbers/src/test/resources
2018-08-17 15:56:32,838 [Worker-67: Building workspace] INFO  o.e.m.c.i.embedder.EclipseLogger - Using 'UTF-8' encoding to copy filtered resources.
2018-08-17 15:56:32,838 [Worker-67: Building workspace] INFO  o.e.m.c.i.embedder.EclipseLogger - skip non existing resourceDirectory /home/aleksandras/GitHub/lithuania_in_numbers/LithuaniaInNumbers/src/main/resources
2018-08-17 15:56:32,839 [Worker-67: Building workspace] INFO  o.e.m.c.i.embedder.EclipseLogger - Using 'UTF-8' encoding to copy filtered resources.
2018-08-17 15:56:32,840 [Worker-67: Building workspace] INFO  o.e.m.c.i.embedder.EclipseLogger - skip non existing resourceDirectory /home/aleksandras/GitHub/lithuania_in_numbers/LithuaniaInNumbers/src/test/resources
2018-08-17 15:56:38,277 [Worker-63: Building workspace] INFO  o.e.m.c.i.embedder.EclipseLogger - Using 'UTF-8' encoding to copy filtered resources.
2018-08-17 15:56:38,277 [Worker-63: Building workspace] INFO  o.e.m.c.i.embedder.EclipseLogger - skip non existing resourceDirectory /home/aleksandras/GitHub/lithuania_in_numbers/LithuaniaInNumbers/src/main/resources
2018-08-17 15:56:38,278 [Worker-63: Building workspace] INFO  o.e.m.c.i.embedder.EclipseLogger - Using 'UTF-8' encoding to copy filtered resources.
2018-08-17 15:56:38,278 [Worker-63: Building workspace] INFO  o.e.m.c.i.embedder.EclipseLogger - skip non existing resourceDirectory /home/aleksandras/GitHub/lithuania_in_numbers/LithuaniaInNumbers/src/test/resources
2018-08-17 15:57:02,085 [Worker-62: Building workspace] INFO  o.e.m.c.i.embedder.EclipseLogger - Using 'UTF-8' encoding to copy filtered resources.
2018-08-17 15:57:02,085 [Worker-62: Building workspace] INFO  o.e.m.c.i.embedder.EclipseLogger - skip non existing resourceDirectory /home/aleksandras/GitHub/lithuania_in_numbers/LithuaniaInNumbers/src/main/resources
2018-08-17 15:57:02,086 [Worker-62: Building workspace] INFO  o.e.m.c.i.embedder.EclipseLogger - Using 'UTF-8' encoding to copy filtered resources.
2018-08-17 15:57:02,086 [Worker-62: Building workspace] INFO  o.e.m.c.i.embedder.EclipseLogger - skip non existing resourceDirectory /home/aleksandras/GitHub/lithuania_in_numbers/LithuaniaInNumbers/src/test/resources
2018-08-17 16:29:47,259 [Worker-0: Loading available Gradle versions] INFO  c.g.t.t.d.PublishedGradleVersions - Gradle version information cache is up-to-date. Trying to read.
2018-08-17 16:29:54,197 [Worker-2: Building workspace] INFO  o.e.m.c.i.embedder.EclipseLogger - Using 'UTF-8' encoding to copy filtered resources.
2018-08-17 16:29:54,197 [Worker-2: Building workspace] INFO  o.e.m.c.i.embedder.EclipseLogger - skip non existing resourceDirectory /home/aleksandras/GitHub/lithuania_in_numbers/LithuaniaInNumbers/src/main/resources
2018-08-17 16:29:54,202 [Worker-2: Building workspace] INFO  o.e.m.c.i.embedder.EclipseLogger - Using 'UTF-8' encoding to copy filtered resources.
2018-08-17 16:29:54,203 [Worker-2: Building workspace] INFO  o.e.m.c.i.embedder.EclipseLogger - skip non existing resourceDirectory /home/aleksandras/GitHub/lithuania_in_numbers/LithuaniaInNumbers/src/test/resources
2018-08-17 16:29:56,612 [Worker-18: Building workspace] INFO  o.e.m.c.i.l.LifecycleMappingFactory - Using org.eclipse.m2e.jdt.JarLifecycleMapping lifecycle mapping for MavenProject: org.LithuaniaInNumbers:LithuaniaInNumbers:0.0.1-SNAPSHOT @ /home/aleksandras/GitHub/lithuania_in_numbers/LithuaniaInNumbers/pom.xml.
2018-08-17 16:29:57,621 [Worker-18: Building workspace] INFO  o.e.m.c.i.embedder.EclipseLogger - Using 'UTF-8' encoding to copy filtered resources.
2018-08-17 16:29:57,622 [Worker-18: Building workspace] INFO  o.e.m.c.i.embedder.EclipseLogger - skip non existing resourceDirectory /home/aleksandras/GitHub/lithuania_in_numbers/LithuaniaInNumbers/src/main/resources
2018-08-17 16:29:57,625 [Worker-18: Building workspace] INFO  o.e.m.c.i.embedder.EclipseLogger - Using 'UTF-8' encoding to copy filtered resources.
2018-08-17 16:29:57,626 [Worker-18: Building workspace] INFO  o.e.m.c.i.embedder.EclipseLogger - skip non existing resourceDirectory /home/aleksandras/GitHub/lithuania_in_numbers/LithuaniaInNumbers/src/test/resources
2018-08-17 16:29:59,225 [Worker-10: Building workspace] INFO  o.e.m.c.i.l.LifecycleMappingFactory - Using org.eclipse.m2e.jdt.JarLifecycleMapping lifecycle mapping for MavenProject: org.LithuaniaInNumbers:LithuaniaInNumbers:0.0.1-SNAPSHOT @ /home/aleksandras/GitHub/lithuania_in_numbers/LithuaniaInNumbers/pom.xml.
2018-08-17 16:29:59,578 [Worker-10: Building workspace] INFO  o.e.m.c.i.embedder.EclipseLogger - Using 'UTF-8' encoding to copy filtered resources.
2018-08-17 16:29:59,578 [Worker-10: Building workspace] INFO  o.e.m.c.i.embedder.EclipseLogger - skip non existing resourceDirectory /home/aleksandras/GitHub/lithuania_in_numbers/LithuaniaInNumbers/src/main/resources
2018-08-17 16:29:59,581 [Worker-10: Building workspace] INFO  o.e.m.c.i.embedder.EclipseLogger - Using 'UTF-8' encoding to copy filtered resources.
2018-08-17 16:29:59,581 [Worker-10: Building workspace] INFO  o.e.m.c.i.embedder.EclipseLogger - skip non existing resourceDirectory /home/aleksandras/GitHub/lithuania_in_numbers/LithuaniaInNumbers/src/test/resources
2018-08-17 16:30:51,835 [Worker-4: Building workspace] INFO  o.e.m.c.i.embedder.EclipseLogger - Using 'UTF-8' encoding to copy filtered resources.
2018-08-17 16:30:51,835 [Worker-4: Building workspace] INFO  o.e.m.c.i.embedder.EclipseLogger - skip non existing resourceDirectory /home/aleksandras/GitHub/lithuania_in_numbers/LithuaniaInNumbers/src/main/resources
2018-08-17 16:30:51,837 [Worker-4: Building workspace] INFO  o.e.m.c.i.embedder.EclipseLogger - Using 'UTF-8' encoding to copy filtered resources.
2018-08-17 16:30:51,837 [Worker-4: Building workspace] INFO  o.e.m.c.i.embedder.EclipseLogger - skip non existing resourceDirectory /home/aleksandras/GitHub/lithuania_in_numbers/LithuaniaInNumbers/src/test/resources
2018-08-17 16:31:54,254 [Worker-8: Building workspace] INFO  o.e.m.c.i.embedder.EclipseLogger - Using 'UTF-8' encoding to copy filtered resources.
2018-08-17 16:31:54,255 [Worker-8: Building workspace] INFO  o.e.m.c.i.embedder.EclipseLogger - skip non existing resourceDirectory /home/aleksandras/GitHub/lithuania_in_numbers/LithuaniaInNumbers/src/main/resources
2018-08-17 16:31:54,257 [Worker-8: Building workspace] INFO  o.e.m.c.i.embedder.EclipseLogger - Using 'UTF-8' encoding to copy filtered resources.
2018-08-17 16:31:54,257 [Worker-8: Building workspace] INFO  o.e.m.c.i.embedder.EclipseLogger - skip non existing resourceDirectory /home/aleksandras/GitHub/lithuania_in_numbers/LithuaniaInNumbers/src/test/resources
2018-08-18 11:53:30,815 [Worker-81: Building workspace] INFO  o.e.m.c.i.embedder.EclipseLogger - Using 'UTF-8' encoding to copy filtered resources.
2018-08-18 11:53:30,815 [Worker-81: Building workspace] INFO  o.e.m.c.i.embedder.EclipseLogger - skip non existing resourceDirectory /home/aleksandras/GitHub/lithuania_in_numbers/LithuaniaInNumbers/src/main/resources
2018-08-18 11:53:30,816 [Worker-81: Building workspace] INFO  o.e.m.c.i.embedder.EclipseLogger - Using 'UTF-8' encoding to copy filtered resources.
2018-08-18 11:53:30,817 [Worker-81: Building workspace] INFO  o.e.m.c.i.embedder.EclipseLogger - skip non existing resourceDirectory /home/aleksandras/GitHub/lithuania_in_numbers/LithuaniaInNumbers/src/test/resources
